[2025-06-12 10:57:47] [INFO] ========== arg1 ==========
[2025-06-12 10:57:47] [INFO] {
    "local_rank": 0,
    "deepspeed": true,
    "deepspeed_config": "ds_config.json",
    "deepscale": false,
    "deepscale_config": null
}
[2025-06-12 10:57:47] [INFO] ========== arg2 ==========
[2025-06-12 10:57:47] [INFO] {
    "epochs": 369,
    "save_interval": 1000,
    "val_start_epoch": 50,
    "es_patience": 50,
    "es_min_delta": 1e-08,
    "train_data_path": "./train/gray_scott_reaction_diffusion_maze_F_0.029_k_0.057.hdf5",
    "val_data_path": "./valid/gray_scott_reaction_diffusion_maze_F_0.029_k_0.057.hdf5",
    "test_data_path": "./test/gray_scott_reaction_diffusion_maze_F_0.029_k_0.057.hdf5",
    "save_path": "./",
    "profiler_ep_start": 0,
    "profiler_ep_end": 3,
    "n_filters": 16,
    "train_micro_batch_size_per_gpu": 240,
    "gradient_accumulation_steps": 2,
    "gradient_checkpointing": {
        "enable": true,
        "partitioned_modules": [
            "DCTBlock",
            "FEBlock"
        ],
        "contiguous_memory_optimization": true,
        "cpu_checkpointing": false
    },
    "zero_optimization": {
        "stage": 1
    },
    "fp16": {
        "enabled": true,
        "loss_scale": 0,
        "loss_scale_window": 1000,
        "hysteresis": 2,
        "min_loss_scale": 1
    },
    "optimizer": {
        "type": "AdamW",
        "params": {
            "lr": 0.0002,
            "weight_decay": 0.0001,
            "torch_adam": true
        }
    },
    "scheduler": {
        "type": "WarmupCosineLR",
        "params": {
            "total_num_steps": 22000,
            "warmup_min_ratio": 0,
            "cos_min_ratio": 0.1,
            "warmup_num_steps": 2000,
            "warmup_type": "log"
        }
    },
    "checkpoint": {
        "use_node_local_storage": true,
        "parallel_write": {
            "enabled": true,
            "max_concurrent_writes": 8
        }
    },
    "distributed": {
        "backend": "nccl",
        "broadcast_buffers": false
    },
    "comms_config": {
        "comms_logger": {
            "enabled": true,
            "verbose": false,
            "prof_all": false,
            "debug": false
        },
        "nccl": {
            "p2p_net_chunksize": "auto",
            "max_async_errors": "auto"
        },
        "hybrid_engine": {
            "enabled": false
        }
    }
}
[2025-06-12 10:57:47] [INFO] =============================
[2025-06-12 10:58:09] [INFO] Total parameters: 4570343
[2025-06-12 11:06:19] [INFO] Training samples: 116160
[2025-06-12 11:06:19] [INFO] Validation samples: 14520
[2025-06-12 11:16:23] [INFO] Epoch:    0 | Time: 603.7s | Train Loss: 7.097943e+01 | LR: 1.04e-04
[2025-06-12 11:24:18] [INFO] Epoch:    1 | Time: 475.0s | Train Loss: 1.985696e+01 | LR: 1.24e-04
[2025-06-12 11:32:12] [INFO] Epoch:    2 | Time: 473.7s | Train Loss: 5.230226e+00 | LR: 1.35e-04
[2025-06-12 11:40:08] [INFO] Epoch:    3 | Time: 476.4s | Train Loss: 2.465362e+00 | LR: 1.43e-04
[2025-06-12 11:47:50] [INFO] Epoch:    4 | Time: 461.9s | Train Loss: 1.413980e+00 | LR: 1.49e-04
[2025-06-12 11:55:32] [INFO] Epoch:    5 | Time: 461.5s | Train Loss: 9.743859e-01 | LR: 1.54e-04
[2025-06-12 12:03:22] [INFO] Epoch:    6 | Time: 470.7s | Train Loss: 7.305630e-01 | LR: 1.59e-04
[2025-06-12 12:11:03] [INFO] Epoch:    7 | Time: 460.4s | Train Loss: 5.700938e-01 | LR: 1.62e-04
[2025-06-12 12:18:45] [INFO] Epoch:    8 | Time: 462.3s | Train Loss: 5.031668e-01 | LR: 1.65e-04
[2025-06-12 12:26:26] [INFO] Epoch:    9 | Time: 461.2s | Train Loss: 3.813432e-01 | LR: 1.68e-04
[2025-06-12 12:34:08] [INFO] Epoch:   10 | Time: 461.3s | Train Loss: 3.159973e-01 | LR: 1.71e-04
[2025-06-12 12:41:50] [INFO] Epoch:   11 | Time: 462.1s | Train Loss: 2.708381e-01 | LR: 1.73e-04
[2025-06-12 12:49:31] [INFO] Epoch:   12 | Time: 461.4s | Train Loss: 2.286220e-01 | LR: 1.75e-04
[2025-06-12 12:57:13] [INFO] Epoch:   13 | Time: 461.5s | Train Loss: 1.985496e-01 | LR: 1.77e-04
[2025-06-12 13:04:55] [INFO] Epoch:   14 | Time: 462.6s | Train Loss: 1.760367e-01 | LR: 1.79e-04
[2025-06-12 13:12:39] [INFO] Epoch:   15 | Time: 463.2s | Train Loss: 1.613990e-01 | LR: 1.81e-04
[2025-06-12 13:20:21] [INFO] Epoch:   16 | Time: 462.5s | Train Loss: 1.422497e-01 | LR: 1.82e-04
[2025-06-12 13:28:02] [INFO] Epoch:   17 | Time: 461.3s | Train Loss: 1.284236e-01 | LR: 1.84e-04
[2025-06-12 13:35:44] [INFO] Epoch:   18 | Time: 461.6s | Train Loss: 1.179814e-01 | LR: 1.85e-04
[2025-06-12 13:43:26] [INFO] Epoch:   19 | Time: 462.1s | Train Loss: 1.082152e-01 | LR: 1.87e-04
[2025-06-12 13:51:08] [INFO] Epoch:   20 | Time: 461.8s | Train Loss: 9.925473e-02 | LR: 1.88e-04
[2025-06-12 13:58:50] [INFO] Epoch:   21 | Time: 461.6s | Train Loss: 9.248027e-02 | LR: 1.89e-04
[2025-06-12 14:06:34] [INFO] Epoch:   22 | Time: 464.8s | Train Loss: 8.509049e-02 | LR: 1.90e-04
[2025-06-12 14:14:19] [INFO] Epoch:   23 | Time: 464.2s | Train Loss: 8.112858e-02 | LR: 1.91e-04
[2025-06-12 14:22:00] [INFO] Epoch:   24 | Time: 461.4s | Train Loss: 7.552059e-02 | LR: 1.92e-04
[2025-06-12 14:29:43] [INFO] Epoch:   25 | Time: 462.7s | Train Loss: 7.203466e-02 | LR: 1.94e-04
[2025-06-12 14:37:24] [INFO] Epoch:   26 | Time: 461.4s | Train Loss: 6.730921e-02 | LR: 1.95e-04
[2025-06-12 14:45:05] [INFO] Epoch:   27 | Time: 461.1s | Train Loss: 6.514628e-02 | LR: 1.95e-04
[2025-06-12 14:52:47] [INFO] Epoch:   28 | Time: 461.3s | Train Loss: 6.100903e-02 | LR: 1.96e-04
[2025-06-12 15:00:28] [INFO] Epoch:   29 | Time: 461.2s | Train Loss: 5.820080e-02 | LR: 1.97e-04
[2025-06-12 15:08:11] [INFO] Epoch:   30 | Time: 462.9s | Train Loss: 5.613755e-02 | LR: 1.98e-04
[2025-06-12 15:15:53] [INFO] Epoch:   31 | Time: 462.2s | Train Loss: 5.358363e-02 | LR: 1.99e-04
[2025-06-12 15:23:36] [INFO] Epoch:   32 | Time: 462.7s | Train Loss: 5.140658e-02 | LR: 2.00e-04
[2025-06-12 15:31:18] [INFO] Epoch:   33 | Time: 462.4s | Train Loss: 5.227861e-02 | LR: 2.00e-04
[2025-06-12 15:39:00] [INFO] Epoch:   34 | Time: 461.7s | Train Loss: 4.970184e-02 | LR: 2.00e-04
[2025-06-12 15:46:42] [INFO] Epoch:   35 | Time: 461.6s | Train Loss: 4.746931e-02 | LR: 2.00e-04
[2025-06-12 15:54:25] [INFO] Epoch:   36 | Time: 463.1s | Train Loss: 4.584855e-02 | LR: 2.00e-04
[2025-06-12 16:02:06] [INFO] Epoch:   37 | Time: 461.2s | Train Loss: 4.448144e-02 | LR: 2.00e-04
[2025-06-12 16:09:47] [INFO] Epoch:   38 | Time: 461.4s | Train Loss: 4.311113e-02 | LR: 2.00e-04
[2025-06-12 16:17:32] [INFO] Epoch:   39 | Time: 464.4s | Train Loss: 4.205373e-02 | LR: 2.00e-04
[2025-06-12 16:25:14] [INFO] Epoch:   40 | Time: 461.8s | Train Loss: 4.102697e-02 | LR: 2.00e-04
[2025-06-12 16:32:55] [INFO] Epoch:   41 | Time: 461.1s | Train Loss: 4.356238e-02 | LR: 2.00e-04
[2025-06-12 16:40:37] [INFO] Epoch:   42 | Time: 462.3s | Train Loss: 4.110938e-02 | LR: 2.00e-04
[2025-06-12 16:48:18] [INFO] Epoch:   43 | Time: 461.3s | Train Loss: 3.928934e-02 | LR: 2.00e-04
[2025-06-12 16:55:59] [INFO] Epoch:   44 | Time: 460.8s | Train Loss: 3.812570e-02 | LR: 1.99e-04
[2025-06-12 17:03:42] [INFO] Epoch:   45 | Time: 462.6s | Train Loss: 3.717999e-02 | LR: 1.99e-04
[2025-06-12 17:11:22] [INFO] Epoch:   46 | Time: 460.7s | Train Loss: 3.625298e-02 | LR: 1.99e-04
[2025-06-12 17:19:08] [INFO] Epoch:   47 | Time: 465.8s | Train Loss: 3.573664e-02 | LR: 1.99e-04
[2025-06-12 17:26:50] [INFO] Epoch:   48 | Time: 462.0s | Train Loss: 3.490759e-02 | LR: 1.99e-04
[2025-06-12 17:34:33] [INFO] Epoch:   49 | Time: 462.3s | Train Loss: 3.407694e-02 | LR: 1.99e-04
[2025-06-12 17:42:15] [INFO] Epoch:   50 | Time: 462.2s | Train Loss: 3.337070e-02 | LR: 1.99e-04
[2025-06-12 17:42:45] [INFO] Epoch:   50 | Time:  30.5s | Val   Loss: 2.243899e-02 |
[2025-06-12 17:42:49] [INFO] [ best ] Checkpoint saved at epoch 50
[2025-06-12 17:50:30] [INFO] Epoch:   51 | Time: 461.2s | Train Loss: 3.306518e-02 | LR: 1.99e-04
[2025-06-12 17:50:41] [INFO] Epoch:   51 | Time:  11.0s | Val   Loss: 2.229823e-02 |
[2025-06-12 17:50:42] [INFO] [ best ] Checkpoint saved at epoch 51
[2025-06-12 17:58:24] [INFO] Epoch:   52 | Time: 461.2s | Train Loss: 3.221393e-02 | LR: 1.98e-04
[2025-06-12 17:58:35] [INFO] Epoch:   52 | Time:  11.1s | Val   Loss: 2.181481e-02 |
[2025-06-12 17:58:35] [INFO] [ best ] Checkpoint saved at epoch 52
[2025-06-12 18:06:17] [INFO] Epoch:   53 | Time: 461.8s | Train Loss: 3.176839e-02 | LR: 1.98e-04
[2025-06-12 18:06:28] [INFO] Epoch:   53 | Time:  10.9s | Val   Loss: 2.266170e-02 |
[2025-06-12 18:14:09] [INFO] Epoch:   54 | Time: 461.2s | Train Loss: 3.118572e-02 | LR: 1.98e-04
[2025-06-12 18:14:21] [INFO] Epoch:   54 | Time:  11.0s | Val   Loss: 2.171822e-02 |
[2025-06-12 18:14:22] [INFO] [ best ] Checkpoint saved at epoch 54
[2025-06-12 18:22:03] [INFO] Epoch:   55 | Time: 461.3s | Train Loss: 3.088436e-02 | LR: 1.98e-04
[2025-06-12 18:22:14] [INFO] Epoch:   55 | Time:  11.0s | Val   Loss: 2.142763e-02 |
[2025-06-12 18:22:15] [INFO] [ best ] Checkpoint saved at epoch 55
[2025-06-12 18:30:00] [INFO] Epoch:   56 | Time: 465.0s | Train Loss: 3.002843e-02 | LR: 1.98e-04
[2025-06-12 18:30:11] [INFO] Epoch:   56 | Time:  11.0s | Val   Loss: 2.080302e-02 |
[2025-06-12 18:30:13] [INFO] [ best ] Checkpoint saved at epoch 56
[2025-06-12 18:37:54] [INFO] Epoch:   57 | Time: 461.6s | Train Loss: 2.942605e-02 | LR: 1.98e-04
[2025-06-12 18:38:05] [INFO] Epoch:   57 | Time:  10.9s | Val   Loss: 2.134448e-02 |
[2025-06-12 18:45:49] [INFO] Epoch:   58 | Time: 463.3s | Train Loss: 2.905833e-02 | LR: 1.97e-04
[2025-06-12 18:46:00] [INFO] Epoch:   58 | Time:  11.0s | Val   Loss: 2.116994e-02 |
[2025-06-12 18:53:43] [INFO] Epoch:   59 | Time: 462.9s | Train Loss: 2.856251e-02 | LR: 1.97e-04
[2025-06-12 18:53:54] [INFO] Epoch:   59 | Time:  10.9s | Val   Loss: 2.115066e-02 |
[2025-06-12 19:01:35] [INFO] Epoch:   60 | Time: 461.8s | Train Loss: 2.789284e-02 | LR: 1.97e-04
[2025-06-12 19:01:46] [INFO] Epoch:   60 | Time:  11.1s | Val   Loss: 2.059324e-02 |
[2025-06-12 19:01:48] [INFO] [ best ] Checkpoint saved at epoch 60
[2025-06-12 19:09:29] [INFO] Epoch:   61 | Time: 460.6s | Train Loss: 2.766606e-02 | LR: 1.97e-04
[2025-06-12 19:09:40] [INFO] Epoch:   61 | Time:  11.0s | Val   Loss: 2.062181e-02 |
[2025-06-12 19:17:20] [INFO] Epoch:   62 | Time: 460.8s | Train Loss: 2.723687e-02 | LR: 1.96e-04
[2025-06-12 19:17:32] [INFO] Epoch:   62 | Time:  11.0s | Val   Loss: 1.990400e-02 |
[2025-06-12 19:17:33] [INFO] [ best ] Checkpoint saved at epoch 62
[2025-06-12 19:25:13] [INFO] Epoch:   63 | Time: 460.8s | Train Loss: 2.675442e-02 | LR: 1.96e-04
[2025-06-12 19:25:24] [INFO] Epoch:   63 | Time:  11.1s | Val   Loss: 1.990953e-02 |
[2025-06-12 19:33:09] [INFO] Epoch:   64 | Time: 465.0s | Train Loss: 2.679188e-02 | LR: 1.96e-04
[2025-06-12 19:33:20] [INFO] Epoch:   64 | Time:  10.9s | Val   Loss: 1.960622e-02 |
[2025-06-12 19:33:22] [INFO] [ best ] Checkpoint saved at epoch 64
[2025-06-12 19:41:03] [INFO] Epoch:   65 | Time: 460.9s | Train Loss: 2.608170e-02 | LR: 1.96e-04
[2025-06-12 19:41:14] [INFO] Epoch:   65 | Time:  11.0s | Val   Loss: 1.958650e-02 |
[2025-06-12 19:41:15] [INFO] [ best ] Checkpoint saved at epoch 65
[2025-06-12 19:48:56] [INFO] Epoch:   66 | Time: 461.0s | Train Loss: 2.554432e-02 | LR: 1.95e-04
[2025-06-12 19:49:07] [INFO] Epoch:   66 | Time:  11.1s | Val   Loss: 1.925725e-02 |
[2025-06-12 19:49:08] [INFO] [ best ] Checkpoint saved at epoch 66
[2025-06-12 19:56:50] [INFO] Epoch:   67 | Time: 462.3s | Train Loss: 2.632728e-02 | LR: 1.95e-04
[2025-06-12 19:57:01] [INFO] Epoch:   67 | Time:  11.0s | Val   Loss: 1.823692e-02 |
[2025-06-12 19:57:03] [INFO] [ best ] Checkpoint saved at epoch 67
[2025-06-12 20:04:45] [INFO] Epoch:   68 | Time: 462.3s | Train Loss: 2.533282e-02 | LR: 1.95e-04
[2025-06-12 20:04:56] [INFO] Epoch:   68 | Time:  11.0s | Val   Loss: 1.895264e-02 |
[2025-06-12 20:12:37] [INFO] Epoch:   69 | Time: 461.3s | Train Loss: 2.474341e-02 | LR: 1.95e-04
[2025-06-12 20:12:48] [INFO] Epoch:   69 | Time:  11.0s | Val   Loss: 1.874887e-02 |
[2025-06-12 20:20:30] [INFO] Epoch:   70 | Time: 461.2s | Train Loss: 2.436650e-02 | LR: 1.94e-04
[2025-06-12 20:20:41] [INFO] Epoch:   70 | Time:  11.0s | Val   Loss: 1.899955e-02 |
[2025-06-12 20:28:22] [INFO] Epoch:   71 | Time: 460.7s | Train Loss: 2.409519e-02 | LR: 1.94e-04
[2025-06-12 20:28:32] [INFO] Epoch:   71 | Time:  11.0s | Val   Loss: 1.856410e-02 |
[2025-06-12 20:36:15] [INFO] Epoch:   72 | Time: 462.7s | Train Loss: 2.383037e-02 | LR: 1.94e-04
[2025-06-12 20:36:26] [INFO] Epoch:   72 | Time:  10.9s | Val   Loss: 1.816678e-02 |
[2025-06-12 20:36:28] [INFO] [ best ] Checkpoint saved at epoch 72
[2025-06-12 20:44:10] [INFO] Epoch:   73 | Time: 461.7s | Train Loss: 2.348977e-02 | LR: 1.93e-04
[2025-06-12 20:44:21] [INFO] Epoch:   73 | Time:  11.1s | Val   Loss: 1.870368e-02 |
[2025-06-12 20:52:02] [INFO] Epoch:   74 | Time: 461.7s | Train Loss: 2.321427e-02 | LR: 1.93e-04
[2025-06-12 20:52:13] [INFO] Epoch:   74 | Time:  10.9s | Val   Loss: 1.871786e-02 |
[2025-06-12 20:59:56] [INFO] Epoch:   75 | Time: 462.3s | Train Loss: 2.283934e-02 | LR: 1.93e-04
[2025-06-12 21:00:07] [INFO] Epoch:   75 | Time:  10.8s | Val   Loss: 1.818355e-02 |
[2025-06-12 21:07:48] [INFO] Epoch:   76 | Time: 461.3s | Train Loss: 2.597736e-02 | LR: 1.92e-04
[2025-06-12 21:07:59] [INFO] Epoch:   76 | Time:  11.1s | Val   Loss: 4.440333e-02 |
[2025-06-12 21:15:41] [INFO] Epoch:   77 | Time: 461.4s | Train Loss: 3.518696e-02 | LR: 1.92e-04
[2025-06-12 21:15:52] [INFO] Epoch:   77 | Time:  11.0s | Val   Loss: 2.036162e-02 |
[2025-06-12 21:23:33] [INFO] Epoch:   78 | Time: 460.9s | Train Loss: 2.698070e-02 | LR: 1.92e-04
[2025-06-12 21:23:44] [INFO] Epoch:   78 | Time:  11.0s | Val   Loss: 2.041011e-02 |
[2025-06-12 21:31:25] [INFO] Epoch:   79 | Time: 461.4s | Train Loss: 2.539368e-02 | LR: 1.91e-04
[2025-06-12 21:31:36] [INFO] Epoch:   79 | Time:  10.9s | Val   Loss: 1.974072e-02 |
[2025-06-12 21:39:20] [INFO] Epoch:   80 | Time: 463.4s | Train Loss: 2.455582e-02 | LR: 1.91e-04
[2025-06-12 21:39:31] [INFO] Epoch:   80 | Time:  11.6s | Val   Loss: 1.884415e-02 |
[2025-06-12 21:47:13] [INFO] Epoch:   81 | Time: 461.9s | Train Loss: 2.385325e-02 | LR: 1.90e-04
[2025-06-12 21:47:24] [INFO] Epoch:   81 | Time:  11.0s | Val   Loss: 1.818000e-02 |
[2025-06-12 21:55:06] [INFO] Epoch:   82 | Time: 461.8s | Train Loss: 2.318619e-02 | LR: 1.90e-04
[2025-06-12 21:55:17] [INFO] Epoch:   82 | Time:  11.1s | Val   Loss: 1.818978e-02 |
[2025-06-12 22:02:59] [INFO] Epoch:   83 | Time: 461.3s | Train Loss: 2.282435e-02 | LR: 1.90e-04
[2025-06-12 22:03:10] [INFO] Epoch:   83 | Time:  11.0s | Val   Loss: 1.855958e-02 |
[2025-06-12 22:10:51] [INFO] Epoch:   84 | Time: 461.6s | Train Loss: 2.235970e-02 | LR: 1.89e-04
[2025-06-12 22:11:02] [INFO] Epoch:   84 | Time:  11.0s | Val   Loss: 1.794700e-02 |
[2025-06-12 22:11:04] [INFO] [ best ] Checkpoint saved at epoch 84
[2025-06-12 22:18:45] [INFO] Epoch:   85 | Time: 461.0s | Train Loss: 2.191678e-02 | LR: 1.89e-04
[2025-06-12 22:18:56] [INFO] Epoch:   85 | Time:  10.9s | Val   Loss: 1.746216e-02 |
[2025-06-12 22:18:57] [INFO] [ best ] Checkpoint saved at epoch 85
[2025-06-12 22:26:38] [INFO] Epoch:   86 | Time: 460.8s | Train Loss: 2.157232e-02 | LR: 1.88e-04
[2025-06-12 22:26:49] [INFO] Epoch:   86 | Time:  11.0s | Val   Loss: 1.855459e-02 |
[2025-06-12 22:34:30] [INFO] Epoch:   87 | Time: 461.0s | Train Loss: 2.126822e-02 | LR: 1.88e-04
[2025-06-12 22:34:42] [INFO] Epoch:   87 | Time:  10.8s | Val   Loss: 1.719596e-02 |
[2025-06-12 22:34:42] [INFO] [ best ] Checkpoint saved at epoch 87
[2025-06-12 22:42:24] [INFO] Epoch:   88 | Time: 461.2s | Train Loss: 2.103943e-02 | LR: 1.88e-04
[2025-06-12 22:42:35] [INFO] Epoch:   88 | Time:  11.0s | Val   Loss: 1.777681e-02 |
[2025-06-12 22:50:18] [INFO] Epoch:   89 | Time: 463.4s | Train Loss: 2.174442e-02 | LR: 1.87e-04
[2025-06-12 22:50:29] [INFO] Epoch:   89 | Time:  10.8s | Val   Loss: 1.779975e-02 |
[2025-06-12 22:58:11] [INFO] Epoch:   90 | Time: 461.9s | Train Loss: 2.070884e-02 | LR: 1.87e-04
[2025-06-12 22:58:22] [INFO] Epoch:   90 | Time:  10.8s | Val   Loss: 1.741267e-02 |
[2025-06-12 23:06:03] [INFO] Epoch:   91 | Time: 461.2s | Train Loss: 2.020266e-02 | LR: 1.86e-04
[2025-06-12 23:06:14] [INFO] Epoch:   91 | Time:  11.1s | Val   Loss: 1.725141e-02 |
[2025-06-12 23:13:55] [INFO] Epoch:   92 | Time: 460.8s | Train Loss: 2.126928e-02 | LR: 1.86e-04
[2025-06-12 23:14:06] [INFO] Epoch:   92 | Time:  11.0s | Val   Loss: 1.696362e-02 |
[2025-06-12 23:14:08] [INFO] [ best ] Checkpoint saved at epoch 92
[2025-06-12 23:21:51] [INFO] Epoch:   93 | Time: 463.3s | Train Loss: 1.974435e-02 | LR: 1.85e-04
[2025-06-12 23:22:02] [INFO] Epoch:   93 | Time:  11.0s | Val   Loss: 1.705584e-02 |
[2025-06-12 23:29:43] [INFO] Epoch:   94 | Time: 461.2s | Train Loss: 1.951927e-02 | LR: 1.85e-04
[2025-06-12 23:29:54] [INFO] Epoch:   94 | Time:  11.1s | Val   Loss: 1.713344e-02 |
[2025-06-12 23:37:36] [INFO] Epoch:   95 | Time: 461.5s | Train Loss: 1.940937e-02 | LR: 1.84e-04
[2025-06-12 23:37:47] [INFO] Epoch:   95 | Time:  11.1s | Val   Loss: 1.618641e-02 |
[2025-06-12 23:37:48] [INFO] [ best ] Checkpoint saved at epoch 95
[2025-06-12 23:45:29] [INFO] Epoch:   96 | Time: 461.0s | Train Loss: 1.922788e-02 | LR: 1.84e-04
[2025-06-12 23:45:40] [INFO] Epoch:   96 | Time:  11.1s | Val   Loss: 1.653863e-02 |
[2025-06-12 23:53:24] [INFO] Epoch:   97 | Time: 463.8s | Train Loss: 1.893967e-02 | LR: 1.83e-04
[2025-06-12 23:53:35] [INFO] Epoch:   97 | Time:  10.8s | Val   Loss: 1.635200e-02 |
[2025-06-13 00:01:16] [INFO] Epoch:   98 | Time: 460.8s | Train Loss: 1.869746e-02 | LR: 1.83e-04
[2025-06-13 00:01:27] [INFO] Epoch:   98 | Time:  11.0s | Val   Loss: 1.720205e-02 |
[2025-06-13 00:09:08] [INFO] Epoch:   99 | Time: 461.1s | Train Loss: 2.076275e-02 | LR: 1.82e-04
[2025-06-13 00:09:19] [INFO] Epoch:   99 | Time:  11.0s | Val   Loss: 1.617930e-02 |
[2025-06-13 00:09:21] [INFO] [ best ] Checkpoint saved at epoch 99
[2025-06-13 00:17:03] [INFO] Epoch:  100 | Time: 462.1s | Train Loss: 1.975814e-02 | LR: 1.82e-04
[2025-06-13 00:17:14] [INFO] Epoch:  100 | Time:  11.0s | Val   Loss: 1.614777e-02 |
[2025-06-13 00:17:15] [INFO] [ best ] Checkpoint saved at epoch 100
[2025-06-13 00:24:56] [INFO] Epoch:  101 | Time: 460.9s | Train Loss: 1.848845e-02 | LR: 1.81e-04
[2025-06-13 00:25:07] [INFO] Epoch:  101 | Time:  10.8s | Val   Loss: 1.531090e-02 |
[2025-06-13 00:25:08] [INFO] [ best ] Checkpoint saved at epoch 101
[2025-06-13 00:32:51] [INFO] Epoch:  102 | Time: 462.5s | Train Loss: 2.536214e-02 | LR: 1.81e-04
[2025-06-13 00:33:02] [INFO] Epoch:  102 | Time:  11.0s | Val   Loss: 1.650251e-02 |
[2025-06-13 00:40:42] [INFO] Epoch:  103 | Time: 460.8s | Train Loss: 2.083595e-02 | LR: 1.80e-04
[2025-06-13 00:40:53] [INFO] Epoch:  103 | Time:  11.0s | Val   Loss: 1.578611e-02 |
[2025-06-13 00:48:34] [INFO] Epoch:  104 | Time: 460.8s | Train Loss: 1.901592e-02 | LR: 1.80e-04
[2025-06-13 00:48:45] [INFO] Epoch:  104 | Time:  11.1s | Val   Loss: 1.520642e-02 |
[2025-06-13 00:48:47] [INFO] [ best ] Checkpoint saved at epoch 104
[2025-06-13 00:56:32] [INFO] Epoch:  105 | Time: 464.7s | Train Loss: 1.840169e-02 | LR: 1.79e-04
[2025-06-13 00:56:43] [INFO] Epoch:  105 | Time:  10.8s | Val   Loss: 1.536469e-02 |
[2025-06-13 01:04:23] [INFO] Epoch:  106 | Time: 460.8s | Train Loss: 1.866516e-02 | LR: 1.79e-04
[2025-06-13 01:04:34] [INFO] Epoch:  106 | Time:  11.0s | Val   Loss: 1.527538e-02 |
[2025-06-13 01:12:16] [INFO] Epoch:  107 | Time: 461.6s | Train Loss: 1.797359e-02 | LR: 1.78e-04
[2025-06-13 01:12:27] [INFO] Epoch:  107 | Time:  11.0s | Val   Loss: 1.500523e-02 |
[2025-06-13 01:12:28] [INFO] [ best ] Checkpoint saved at epoch 107
[2025-06-13 01:20:11] [INFO] Epoch:  108 | Time: 462.7s | Train Loss: 1.750159e-02 | LR: 1.78e-04
[2025-06-13 01:20:22] [INFO] Epoch:  108 | Time:  11.1s | Val   Loss: 1.483124e-02 |
[2025-06-13 01:20:24] [INFO] [ best ] Checkpoint saved at epoch 108
[2025-06-13 01:28:05] [INFO] Epoch:  109 | Time: 461.1s | Train Loss: 1.720799e-02 | LR: 1.77e-04
[2025-06-13 01:28:16] [INFO] Epoch:  109 | Time:  11.0s | Val   Loss: 1.524572e-02 |
[2025-06-13 01:35:58] [INFO] Epoch:  110 | Time: 462.4s | Train Loss: 1.690693e-02 | LR: 1.77e-04
[2025-06-13 01:36:09] [INFO] Epoch:  110 | Time:  11.0s | Val   Loss: 1.510774e-02 |
[2025-06-13 01:43:50] [INFO] Epoch:  111 | Time: 461.1s | Train Loss: 1.678078e-02 | LR: 1.76e-04
[2025-06-13 01:44:02] [INFO] Epoch:  111 | Time:  11.1s | Val   Loss: 1.514765e-02 |
[2025-06-13 01:51:43] [INFO] Epoch:  112 | Time: 461.6s | Train Loss: 1.654636e-02 | LR: 1.75e-04
[2025-06-13 01:51:54] [INFO] Epoch:  112 | Time:  11.0s | Val   Loss: 1.526726e-02 |
[2025-06-13 01:59:40] [INFO] Epoch:  113 | Time: 466.2s | Train Loss: 1.629831e-02 | LR: 1.75e-04
[2025-06-13 01:59:52] [INFO] Epoch:  113 | Time:  11.4s | Val   Loss: 1.474843e-02 |
[2025-06-13 01:59:54] [INFO] [ best ] Checkpoint saved at epoch 113
[2025-06-13 02:07:35] [INFO] Epoch:  114 | Time: 461.2s | Train Loss: 1.622252e-02 | LR: 1.74e-04
[2025-06-13 02:07:46] [INFO] Epoch:  114 | Time:  11.1s | Val   Loss: 1.445981e-02 |
[2025-06-13 02:07:47] [INFO] [ best ] Checkpoint saved at epoch 114
[2025-06-13 02:15:28] [INFO] Epoch:  115 | Time: 461.0s | Train Loss: 1.599947e-02 | LR: 1.74e-04
[2025-06-13 02:15:40] [INFO] Epoch:  115 | Time:  11.1s | Val   Loss: 1.471944e-02 |
[2025-06-13 02:23:21] [INFO] Epoch:  116 | Time: 461.9s | Train Loss: 1.603712e-02 | LR: 1.73e-04
[2025-06-13 02:23:33] [INFO] Epoch:  116 | Time:  10.9s | Val   Loss: 1.469969e-02 |
[2025-06-13 02:31:14] [INFO] Epoch:  117 | Time: 461.1s | Train Loss: 1.586588e-02 | LR: 1.72e-04
[2025-06-13 02:31:25] [INFO] Epoch:  117 | Time:  11.0s | Val   Loss: 1.443584e-02 |
[2025-06-13 02:31:26] [INFO] [ best ] Checkpoint saved at epoch 117
[2025-06-13 02:39:06] [INFO] Epoch:  118 | Time: 460.5s | Train Loss: 1.565138e-02 | LR: 1.72e-04
[2025-06-13 02:39:17] [INFO] Epoch:  118 | Time:  11.1s | Val   Loss: 1.432876e-02 |
[2025-06-13 02:39:18] [INFO] [ best ] Checkpoint saved at epoch 118
[2025-06-13 02:47:00] [INFO] Epoch:  119 | Time: 462.1s | Train Loss: 1.537863e-02 | LR: 1.71e-04
[2025-06-13 02:47:11] [INFO] Epoch:  119 | Time:  11.1s | Val   Loss: 1.400601e-02 |
[2025-06-13 02:47:13] [INFO] [ best ] Checkpoint saved at epoch 119
[2025-06-13 02:54:54] [INFO] Epoch:  120 | Time: 460.6s | Train Loss: 1.524470e-02 | LR: 1.70e-04
[2025-06-13 02:55:05] [INFO] Epoch:  120 | Time:  10.9s | Val   Loss: 1.362405e-02 |
[2025-06-13 02:55:05] [INFO] [ best ] Checkpoint saved at epoch 120
[2025-06-13 03:02:46] [INFO] Epoch:  121 | Time: 460.6s | Train Loss: 1.513032e-02 | LR: 1.70e-04
[2025-06-13 03:02:57] [INFO] Epoch:  121 | Time:  11.0s | Val   Loss: 1.359492e-02 |
[2025-06-13 03:02:59] [INFO] [ best ] Checkpoint saved at epoch 121
[2025-06-13 03:10:42] [INFO] Epoch:  122 | Time: 463.4s | Train Loss: 1.494952e-02 | LR: 1.69e-04
[2025-06-13 03:10:53] [INFO] Epoch:  122 | Time:  10.8s | Val   Loss: 1.412541e-02 |
[2025-06-13 03:18:35] [INFO] Epoch:  123 | Time: 461.7s | Train Loss: 1.498060e-02 | LR: 1.69e-04
[2025-06-13 03:18:46] [INFO] Epoch:  123 | Time:  11.0s | Val   Loss: 1.447916e-02 |
[2025-06-13 03:26:29] [INFO] Epoch:  124 | Time: 463.3s | Train Loss: 1.605744e-02 | LR: 1.68e-04
[2025-06-13 03:26:40] [INFO] Epoch:  124 | Time:  11.2s | Val   Loss: 1.381846e-02 |
[2025-06-13 03:34:22] [INFO] Epoch:  125 | Time: 461.8s | Train Loss: 1.504458e-02 | LR: 1.67e-04
[2025-06-13 03:34:33] [INFO] Epoch:  125 | Time:  11.0s | Val   Loss: 1.343040e-02 |
[2025-06-13 03:34:35] [INFO] [ best ] Checkpoint saved at epoch 125
[2025-06-13 03:42:17] [INFO] Epoch:  126 | Time: 461.3s | Train Loss: 1.475096e-02 | LR: 1.67e-04
[2025-06-13 03:42:28] [INFO] Epoch:  126 | Time:  11.1s | Val   Loss: 1.337034e-02 |
[2025-06-13 03:42:29] [INFO] [ best ] Checkpoint saved at epoch 126
[2025-06-13 03:50:12] [INFO] Epoch:  127 | Time: 463.1s | Train Loss: 1.480260e-02 | LR: 1.66e-04
[2025-06-13 03:50:23] [INFO] Epoch:  127 | Time:  11.1s | Val   Loss: 1.303308e-02 |
[2025-06-13 03:50:24] [INFO] [ best ] Checkpoint saved at epoch 127
[2025-06-13 03:58:06] [INFO] Epoch:  128 | Time: 461.3s | Train Loss: 1.435054e-02 | LR: 1.65e-04
[2025-06-13 03:58:17] [INFO] Epoch:  128 | Time:  10.9s | Val   Loss: 1.346359e-02 |
[2025-06-13 04:05:58] [INFO] Epoch:  129 | Time: 461.4s | Train Loss: 1.417654e-02 | LR: 1.65e-04
[2025-06-13 04:06:09] [INFO] Epoch:  129 | Time:  11.0s | Val   Loss: 1.287723e-02 |
[2025-06-13 04:06:10] [INFO] [ best ] Checkpoint saved at epoch 129
[2025-06-13 04:13:55] [INFO] Epoch:  130 | Time: 464.8s | Train Loss: 1.419582e-02 | LR: 1.64e-04
[2025-06-13 04:14:06] [INFO] Epoch:  130 | Time:  11.0s | Val   Loss: 1.331855e-02 |
[2025-06-13 04:21:47] [INFO] Epoch:  131 | Time: 461.6s | Train Loss: 1.410818e-02 | LR: 1.63e-04
[2025-06-13 04:21:58] [INFO] Epoch:  131 | Time:  10.8s | Val   Loss: 1.271544e-02 |
[2025-06-13 04:22:00] [INFO] [ best ] Checkpoint saved at epoch 131
[2025-06-13 04:29:40] [INFO] Epoch:  132 | Time: 460.6s | Train Loss: 1.377793e-02 | LR: 1.62e-04
[2025-06-13 04:29:52] [INFO] Epoch:  132 | Time:  10.9s | Val   Loss: 1.298171e-02 |
[2025-06-13 04:37:33] [INFO] Epoch:  133 | Time: 461.6s | Train Loss: 1.366846e-02 | LR: 1.62e-04
[2025-06-13 04:37:44] [INFO] Epoch:  133 | Time:  11.0s | Val   Loss: 1.254661e-02 |
[2025-06-13 04:37:45] [INFO] [ best ] Checkpoint saved at epoch 133
[2025-06-13 04:45:26] [INFO] Epoch:  134 | Time: 460.9s | Train Loss: 1.361131e-02 | LR: 1.61e-04
[2025-06-13 04:45:37] [INFO] Epoch:  134 | Time:  11.1s | Val   Loss: 1.291322e-02 |
[2025-06-13 04:53:20] [INFO] Epoch:  135 | Time: 462.8s | Train Loss: 1.352250e-02 | LR: 1.60e-04
[2025-06-13 04:53:31] [INFO] Epoch:  135 | Time:  10.8s | Val   Loss: 1.274806e-02 |
[2025-06-13 05:01:12] [INFO] Epoch:  136 | Time: 460.9s | Train Loss: 1.373201e-02 | LR: 1.60e-04
[2025-06-13 05:01:23] [INFO] Epoch:  136 | Time:  11.1s | Val   Loss: 1.277196e-02 |
[2025-06-13 05:09:04] [INFO] Epoch:  137 | Time: 461.3s | Train Loss: 1.332554e-02 | LR: 1.59e-04
[2025-06-13 05:09:15] [INFO] Epoch:  137 | Time:  10.9s | Val   Loss: 1.226601e-02 |
[2025-06-13 05:09:17] [INFO] [ best ] Checkpoint saved at epoch 137
[2025-06-13 05:17:01] [INFO] Epoch:  138 | Time: 464.0s | Train Loss: 1.310191e-02 | LR: 1.58e-04
[2025-06-13 05:17:12] [INFO] Epoch:  138 | Time:  10.8s | Val   Loss: 1.248620e-02 |
[2025-06-13 05:24:54] [INFO] Epoch:  139 | Time: 461.5s | Train Loss: 1.303214e-02 | LR: 1.58e-04
[2025-06-13 05:25:05] [INFO] Epoch:  139 | Time:  11.0s | Val   Loss: 1.190914e-02 |
[2025-06-13 05:25:06] [INFO] [ best ] Checkpoint saved at epoch 139
[2025-06-13 05:32:49] [INFO] Epoch:  140 | Time: 463.1s | Train Loss: 1.291950e-02 | LR: 1.57e-04
[2025-06-13 05:33:00] [INFO] Epoch:  140 | Time:  11.1s | Val   Loss: 1.187174e-02 |
[2025-06-13 05:33:01] [INFO] [ best ] Checkpoint saved at epoch 140
[2025-06-13 05:40:43] [INFO] Epoch:  141 | Time: 461.6s | Train Loss: 1.271559e-02 | LR: 1.56e-04
[2025-06-13 05:40:54] [INFO] Epoch:  141 | Time:  11.1s | Val   Loss: 1.223174e-02 |
[2025-06-13 05:48:35] [INFO] Epoch:  142 | Time: 461.1s | Train Loss: 1.279420e-02 | LR: 1.55e-04
[2025-06-13 05:48:46] [INFO] Epoch:  142 | Time:  11.1s | Val   Loss: 1.189577e-02 |
[2025-06-13 05:56:27] [INFO] Epoch:  143 | Time: 461.3s | Train Loss: 1.259698e-02 | LR: 1.55e-04
[2025-06-13 05:56:40] [INFO] Epoch:  143 | Time:  12.2s | Val   Loss: 1.151063e-02 |
[2025-06-13 05:56:40] [INFO] [ best ] Checkpoint saved at epoch 143
[2025-06-13 06:04:22] [INFO] Epoch:  144 | Time: 461.3s | Train Loss: 1.243496e-02 | LR: 1.54e-04
[2025-06-13 06:04:33] [INFO] Epoch:  144 | Time:  11.1s | Val   Loss: 1.175164e-02 |
[2025-06-13 06:12:14] [INFO] Epoch:  145 | Time: 461.0s | Train Loss: 1.235003e-02 | LR: 1.53e-04
[2025-06-13 06:12:25] [INFO] Epoch:  145 | Time:  10.9s | Val   Loss: 1.183512e-02 |
[2025-06-13 06:20:09] [INFO] Epoch:  146 | Time: 464.6s | Train Loss: 1.232071e-02 | LR: 1.52e-04
[2025-06-13 06:20:21] [INFO] Epoch:  146 | Time:  11.1s | Val   Loss: 1.166750e-02 |
[2025-06-13 06:28:03] [INFO] Epoch:  147 | Time: 462.0s | Train Loss: 1.213910e-02 | LR: 1.52e-04
[2025-06-13 06:28:14] [INFO] Epoch:  147 | Time:  11.0s | Val   Loss: 1.136812e-02 |
[2025-06-13 06:28:15] [INFO] [ best ] Checkpoint saved at epoch 147
[2025-06-13 06:35:56] [INFO] Epoch:  148 | Time: 461.0s | Train Loss: 1.204819e-02 | LR: 1.51e-04
[2025-06-13 06:36:07] [INFO] Epoch:  148 | Time:  10.9s | Val   Loss: 1.151848e-02 |
[2025-06-13 06:43:50] [INFO] Epoch:  149 | Time: 463.3s | Train Loss: 1.194442e-02 | LR: 1.50e-04
[2025-06-13 06:44:01] [INFO] Epoch:  149 | Time:  10.8s | Val   Loss: 1.104194e-02 |
[2025-06-13 06:44:02] [INFO] [ best ] Checkpoint saved at epoch 149
[2025-06-13 06:51:43] [INFO] Epoch:  150 | Time: 461.1s | Train Loss: 1.188950e-02 | LR: 1.49e-04
[2025-06-13 06:51:54] [INFO] Epoch:  150 | Time:  11.0s | Val   Loss: 1.089615e-02 |
[2025-06-13 06:51:55] [INFO] [ best ] Checkpoint saved at epoch 150
[2025-06-13 06:59:37] [INFO] Epoch:  151 | Time: 461.7s | Train Loss: 1.175062e-02 | LR: 1.48e-04
[2025-06-13 06:59:48] [INFO] Epoch:  151 | Time:  11.1s | Val   Loss: 1.123276e-02 |
[2025-06-13 07:07:31] [INFO] Epoch:  152 | Time: 462.6s | Train Loss: 1.167002e-02 | LR: 1.48e-04
[2025-06-13 07:07:42] [INFO] Epoch:  152 | Time:  11.1s | Val   Loss: 1.150569e-02 |
[2025-06-13 07:15:23] [INFO] Epoch:  153 | Time: 461.4s | Train Loss: 1.166694e-02 | LR: 1.47e-04
[2025-06-13 07:15:34] [INFO] Epoch:  153 | Time:  11.1s | Val   Loss: 1.080960e-02 |
[2025-06-13 07:15:35] [INFO] [ best ] Checkpoint saved at epoch 153
[2025-06-13 07:23:16] [INFO] Epoch:  154 | Time: 461.2s | Train Loss: 1.150771e-02 | LR: 1.46e-04
[2025-06-13 07:23:27] [INFO] Epoch:  154 | Time:  11.1s | Val   Loss: 1.070353e-02 |
[2025-06-13 07:23:28] [INFO] [ best ] Checkpoint saved at epoch 154
[2025-06-13 07:31:14] [INFO] Epoch:  155 | Time: 465.7s | Train Loss: 1.142617e-02 | LR: 1.45e-04
[2025-06-13 07:31:25] [INFO] Epoch:  155 | Time:  10.8s | Val   Loss: 1.062177e-02 |
[2025-06-13 07:31:27] [INFO] [ best ] Checkpoint saved at epoch 155
[2025-06-13 07:39:08] [INFO] Epoch:  156 | Time: 461.6s | Train Loss: 1.137163e-02 | LR: 1.45e-04
[2025-06-13 07:39:19] [INFO] Epoch:  156 | Time:  11.1s | Val   Loss: 1.060437e-02 |
[2025-06-13 07:39:21] [INFO] [ best ] Checkpoint saved at epoch 156
[2025-06-13 07:47:03] [INFO] Epoch:  157 | Time: 462.1s | Train Loss: 1.125526e-02 | LR: 1.44e-04
[2025-06-13 07:47:14] [INFO] Epoch:  157 | Time:  10.9s | Val   Loss: 1.020991e-02 |
[2025-06-13 07:47:15] [INFO] [ best ] Checkpoint saved at epoch 157
[2025-06-13 07:54:57] [INFO] Epoch:  158 | Time: 461.4s | Train Loss: 1.115829e-02 | LR: 1.43e-04
[2025-06-13 07:55:08] [INFO] Epoch:  158 | Time:  10.9s | Val   Loss: 1.048100e-02 |
[2025-06-13 08:02:50] [INFO] Epoch:  159 | Time: 461.9s | Train Loss: 1.134548e-02 | LR: 1.42e-04
[2025-06-13 08:03:01] [INFO] Epoch:  159 | Time:  11.0s | Val   Loss: 9.708122e-03 |
[2025-06-13 08:03:02] [INFO] [ best ] Checkpoint saved at epoch 159
[2025-06-13 08:10:43] [INFO] Epoch:  160 | Time: 461.4s | Train Loss: 1.111858e-02 | LR: 1.41e-04
[2025-06-13 08:10:54] [INFO] Epoch:  160 | Time:  11.1s | Val   Loss: 1.014698e-02 |
[2025-06-13 08:18:35] [INFO] Epoch:  161 | Time: 460.8s | Train Loss: 1.099217e-02 | LR: 1.41e-04
[2025-06-13 08:18:46] [INFO] Epoch:  161 | Time:  11.1s | Val   Loss: 1.006387e-02 |
[2025-06-13 08:26:27] [INFO] Epoch:  162 | Time: 461.1s | Train Loss: 1.085796e-02 | LR: 1.40e-04
[2025-06-13 08:26:38] [INFO] Epoch:  162 | Time:  11.1s | Val   Loss: 9.670351e-03 |
[2025-06-13 08:26:40] [INFO] [ best ] Checkpoint saved at epoch 162
[2025-06-13 08:34:26] [INFO] Epoch:  163 | Time: 466.2s | Train Loss: 1.078976e-02 | LR: 1.39e-04
[2025-06-13 08:34:37] [INFO] Epoch:  163 | Time:  10.8s | Val   Loss: 9.678494e-03 |
[2025-06-13 08:42:19] [INFO] Epoch:  164 | Time: 461.7s | Train Loss: 1.067769e-02 | LR: 1.38e-04
[2025-06-13 08:42:30] [INFO] Epoch:  164 | Time:  11.0s | Val   Loss: 9.635846e-03 |
[2025-06-13 08:42:31] [INFO] [ best ] Checkpoint saved at epoch 164
[2025-06-13 08:50:12] [INFO] Epoch:  165 | Time: 461.1s | Train Loss: 1.064962e-02 | LR: 1.37e-04
[2025-06-13 08:50:24] [INFO] Epoch:  165 | Time:  11.1s | Val   Loss: 9.391222e-03 |
[2025-06-13 08:50:25] [INFO] [ best ] Checkpoint saved at epoch 165
[2025-06-13 08:58:07] [INFO] Epoch:  166 | Time: 461.8s | Train Loss: 1.061695e-02 | LR: 1.37e-04
[2025-06-13 08:58:18] [INFO] Epoch:  166 | Time:  10.9s | Val   Loss: 9.236988e-03 |
[2025-06-13 08:58:19] [INFO] [ best ] Checkpoint saved at epoch 166
[2025-06-13 09:06:01] [INFO] Epoch:  167 | Time: 461.8s | Train Loss: 1.053008e-02 | LR: 1.36e-04
[2025-06-13 09:06:12] [INFO] Epoch:  167 | Time:  10.9s | Val   Loss: 9.101897e-03 |
[2025-06-13 09:06:14] [INFO] [ best ] Checkpoint saved at epoch 167
[2025-06-13 09:13:55] [INFO] Epoch:  168 | Time: 461.5s | Train Loss: 1.041789e-02 | LR: 1.35e-04
[2025-06-13 09:14:06] [INFO] Epoch:  168 | Time:  11.1s | Val   Loss: 8.675242e-03 |
[2025-06-13 09:14:07] [INFO] [ best ] Checkpoint saved at epoch 168
[2025-06-13 09:21:48] [INFO] Epoch:  169 | Time: 460.9s | Train Loss: 1.034092e-02 | LR: 1.34e-04
[2025-06-13 09:21:59] [INFO] Epoch:  169 | Time:  10.8s | Val   Loss: 8.762555e-03 |
[2025-06-13 09:29:41] [INFO] Epoch:  170 | Time: 461.6s | Train Loss: 1.026758e-02 | LR: 1.33e-04
[2025-06-13 09:29:52] [INFO] Epoch:  170 | Time:  10.8s | Val   Loss: 8.823791e-03 |
[2025-06-13 09:37:36] [INFO] Epoch:  171 | Time: 463.8s | Train Loss: 1.019415e-02 | LR: 1.32e-04
[2025-06-13 09:37:47] [INFO] Epoch:  171 | Time:  11.1s | Val   Loss: 8.567905e-03 |
[2025-06-13 09:37:48] [INFO] [ best ] Checkpoint saved at epoch 171
[2025-06-13 09:45:30] [INFO] Epoch:  172 | Time: 461.2s | Train Loss: 1.009458e-02 | LR: 1.32e-04
[2025-06-13 09:45:41] [INFO] Epoch:  172 | Time:  11.0s | Val   Loss: 8.889151e-03 |
[2025-06-13 09:53:22] [INFO] Epoch:  173 | Time: 461.3s | Train Loss: 1.008813e-02 | LR: 1.31e-04
[2025-06-13 09:53:33] [INFO] Epoch:  173 | Time:  10.8s | Val   Loss: 8.851029e-03 |
[2025-06-13 10:01:16] [INFO] Epoch:  174 | Time: 463.2s | Train Loss: 1.029869e-02 | LR: 1.30e-04
[2025-06-13 10:01:28] [INFO] Epoch:  174 | Time:  11.2s | Val   Loss: 8.585256e-03 |
[2025-06-13 10:09:10] [INFO] Epoch:  175 | Time: 461.9s | Train Loss: 9.943093e-03 | LR: 1.29e-04
[2025-06-13 10:09:21] [INFO] Epoch:  175 | Time:  11.1s | Val   Loss: 8.135824e-03 |
[2025-06-13 10:09:22] [INFO] [ best ] Checkpoint saved at epoch 175
[2025-06-13 10:17:05] [INFO] Epoch:  176 | Time: 462.9s | Train Loss: 9.882277e-03 | LR: 1.28e-04
[2025-06-13 10:17:16] [INFO] Epoch:  176 | Time:  10.9s | Val   Loss: 8.412072e-03 |
[2025-06-13 10:24:57] [INFO] Epoch:  177 | Time: 460.9s | Train Loss: 9.836153e-03 | LR: 1.27e-04
[2025-06-13 10:25:08] [INFO] Epoch:  177 | Time:  11.1s | Val   Loss: 8.377387e-03 |
[2025-06-13 10:32:50] [INFO] Epoch:  178 | Time: 461.8s | Train Loss: 9.731651e-03 | LR: 1.27e-04
[2025-06-13 10:33:01] [INFO] Epoch:  178 | Time:  11.0s | Val   Loss: 7.979169e-03 |
[2025-06-13 10:33:02] [INFO] [ best ] Checkpoint saved at epoch 178
[2025-06-13 10:40:45] [INFO] Epoch:  179 | Time: 463.0s | Train Loss: 9.715147e-03 | LR: 1.26e-04
[2025-06-13 10:40:56] [INFO] Epoch:  179 | Time:  11.4s | Val   Loss: 8.185306e-03 |
[2025-06-13 10:48:38] [INFO] Epoch:  180 | Time: 461.2s | Train Loss: 9.588470e-03 | LR: 1.25e-04
[2025-06-13 10:48:49] [INFO] Epoch:  180 | Time:  11.2s | Val   Loss: 8.343163e-03 |
[2025-06-13 10:56:31] [INFO] Epoch:  181 | Time: 462.2s | Train Loss: 9.541081e-03 | LR: 1.24e-04
[2025-06-13 10:56:42] [INFO] Epoch:  181 | Time:  11.0s | Val   Loss: 7.923984e-03 |
[2025-06-13 10:56:43] [INFO] [ best ] Checkpoint saved at epoch 181
[2025-06-13 11:04:25] [INFO] Epoch:  182 | Time: 462.3s | Train Loss: 9.967546e-03 | LR: 1.23e-04
[2025-06-13 11:04:36] [INFO] Epoch:  182 | Time:  10.8s | Val   Loss: 7.807595e-03 |
[2025-06-13 11:04:37] [INFO] [ best ] Checkpoint saved at epoch 182
[2025-06-13 11:12:18] [INFO] Epoch:  183 | Time: 461.2s | Train Loss: 9.404643e-03 | LR: 1.22e-04
[2025-06-13 11:12:30] [INFO] Epoch:  183 | Time:  11.1s | Val   Loss: 7.891797e-03 |
[2025-06-13 11:20:11] [INFO] Epoch:  184 | Time: 461.7s | Train Loss: 9.413611e-03 | LR: 1.22e-04
[2025-06-13 11:20:22] [INFO] Epoch:  184 | Time:  11.0s | Val   Loss: 7.893743e-03 |
[2025-06-13 11:28:03] [INFO] Epoch:  185 | Time: 461.0s | Train Loss: 9.364244e-03 | LR: 1.21e-04
[2025-06-13 11:28:14] [INFO] Epoch:  185 | Time:  11.0s | Val   Loss: 7.650053e-03 |
[2025-06-13 11:28:15] [INFO] [ best ] Checkpoint saved at epoch 185
[2025-06-13 11:35:56] [INFO] Epoch:  186 | Time: 460.7s | Train Loss: 9.251536e-03 | LR: 1.20e-04
[2025-06-13 11:36:07] [INFO] Epoch:  186 | Time:  11.1s | Val   Loss: 7.602645e-03 |
[2025-06-13 11:36:08] [INFO] [ best ] Checkpoint saved at epoch 186
[2025-06-13 11:43:49] [INFO] Epoch:  187 | Time: 460.7s | Train Loss: 9.172077e-03 | LR: 1.19e-04
[2025-06-13 11:44:00] [INFO] Epoch:  187 | Time:  11.0s | Val   Loss: 7.486469e-03 |
[2025-06-13 11:44:04] [INFO] [ best ] Checkpoint saved at epoch 187
[2025-06-13 11:51:46] [INFO] Epoch:  188 | Time: 462.3s | Train Loss: 9.439472e-03 | LR: 1.18e-04
[2025-06-13 11:51:57] [INFO] Epoch:  188 | Time:  10.8s | Val   Loss: 7.961763e-03 |
[2025-06-13 11:59:38] [INFO] Epoch:  189 | Time: 460.7s | Train Loss: 9.589466e-03 | LR: 1.17e-04
[2025-06-13 11:59:49] [INFO] Epoch:  189 | Time:  11.0s | Val   Loss: 7.663601e-03 |
[2025-06-13 12:07:31] [INFO] Epoch:  190 | Time: 462.7s | Train Loss: 9.248087e-03 | LR: 1.16e-04
[2025-06-13 12:07:43] [INFO] Epoch:  190 | Time:  11.1s | Val   Loss: 7.452911e-03 |
[2025-06-13 12:07:44] [INFO] [ best ] Checkpoint saved at epoch 190
[2025-06-13 12:15:25] [INFO] Epoch:  191 | Time: 461.0s | Train Loss: 9.178800e-03 | LR: 1.16e-04
[2025-06-13 12:15:36] [INFO] Epoch:  191 | Time:  11.1s | Val   Loss: 7.376440e-03 |
[2025-06-13 12:15:38] [INFO] [ best ] Checkpoint saved at epoch 191
[2025-06-13 12:23:20] [INFO] Epoch:  192 | Time: 462.3s | Train Loss: 9.003885e-03 | LR: 1.15e-04
[2025-06-13 12:23:31] [INFO] Epoch:  192 | Time:  11.1s | Val   Loss: 7.294238e-03 |
[2025-06-13 12:23:32] [INFO] [ best ] Checkpoint saved at epoch 192
[2025-06-13 12:31:13] [INFO] Epoch:  193 | Time: 461.3s | Train Loss: 8.919267e-03 | LR: 1.14e-04
[2025-06-13 12:31:24] [INFO] Epoch:  193 | Time:  11.0s | Val   Loss: 7.246058e-03 |
[2025-06-13 12:31:26] [INFO] [ best ] Checkpoint saved at epoch 193
[2025-06-13 12:39:07] [INFO] Epoch:  194 | Time: 461.1s | Train Loss: 8.879832e-03 | LR: 1.13e-04
[2025-06-13 12:39:18] [INFO] Epoch:  194 | Time:  11.0s | Val   Loss: 7.113415e-03 |
[2025-06-13 12:39:19] [INFO] [ best ] Checkpoint saved at epoch 194
[2025-06-13 12:47:00] [INFO] Epoch:  195 | Time: 461.3s | Train Loss: 8.797086e-03 | LR: 1.12e-04
[2025-06-13 12:47:12] [INFO] Epoch:  195 | Time:  10.9s | Val   Loss: 7.184505e-03 |
[2025-06-13 12:54:54] [INFO] Epoch:  196 | Time: 462.4s | Train Loss: 8.782434e-03 | LR: 1.11e-04
[2025-06-13 12:55:05] [INFO] Epoch:  196 | Time:  10.8s | Val   Loss: 7.324967e-03 |
[2025-06-13 13:02:46] [INFO] Epoch:  197 | Time: 461.3s | Train Loss: 8.683499e-03 | LR: 1.10e-04
[2025-06-13 13:02:57] [INFO] Epoch:  197 | Time:  11.1s | Val   Loss: 7.098651e-03 |
[2025-06-13 13:02:59] [INFO] [ best ] Checkpoint saved at epoch 197
[2025-06-13 13:10:40] [INFO] Epoch:  198 | Time: 461.3s | Train Loss: 8.641617e-03 | LR: 1.10e-04
[2025-06-13 13:10:51] [INFO] Epoch:  198 | Time:  11.0s | Val   Loss: 6.918890e-03 |
[2025-06-13 13:10:52] [INFO] [ best ] Checkpoint saved at epoch 198
[2025-06-13 13:18:35] [INFO] Epoch:  199 | Time: 462.5s | Train Loss: 8.598454e-03 | LR: 1.09e-04
[2025-06-13 13:18:46] [INFO] Epoch:  199 | Time:  11.1s | Val   Loss: 7.326425e-03 |
[2025-06-13 13:26:28] [INFO] Epoch:  200 | Time: 462.0s | Train Loss: 8.530167e-03 | LR: 1.08e-04
[2025-06-13 13:26:39] [INFO] Epoch:  200 | Time:  11.2s | Val   Loss: 6.933624e-03 |
[2025-06-13 13:34:22] [INFO] Epoch:  201 | Time: 463.0s | Train Loss: 8.464384e-03 | LR: 1.07e-04
[2025-06-13 13:34:33] [INFO] Epoch:  201 | Time:  11.0s | Val   Loss: 6.898812e-03 |
[2025-06-13 13:34:34] [INFO] [ best ] Checkpoint saved at epoch 201
[2025-06-13 13:42:15] [INFO] Epoch:  202 | Time: 460.6s | Train Loss: 8.498381e-03 | LR: 1.06e-04
[2025-06-13 13:42:26] [INFO] Epoch:  202 | Time:  10.8s | Val   Loss: 6.811006e-03 |
[2025-06-13 13:42:27] [INFO] [ best ] Checkpoint saved at epoch 202
[2025-06-13 13:50:08] [INFO] Epoch:  203 | Time: 461.3s | Train Loss: 8.370460e-03 | LR: 1.05e-04
[2025-06-13 13:50:19] [INFO] Epoch:  203 | Time:  11.1s | Val   Loss: 6.884727e-03 |
[2025-06-13 13:58:05] [INFO] Epoch:  204 | Time: 465.6s | Train Loss: 8.339255e-03 | LR: 1.05e-04
[2025-06-13 13:58:16] [INFO] Epoch:  204 | Time:  10.8s | Val   Loss: 6.730685e-03 |
[2025-06-13 13:58:17] [INFO] [ best ] Checkpoint saved at epoch 204
[2025-06-13 14:05:59] [INFO] Epoch:  205 | Time: 461.5s | Train Loss: 8.295106e-03 | LR: 1.04e-04
[2025-06-13 14:06:10] [INFO] Epoch:  205 | Time:  11.1s | Val   Loss: 6.690269e-03 |
[2025-06-13 14:06:11] [INFO] [ best ] Checkpoint saved at epoch 205
[2025-06-13 14:13:52] [INFO] Epoch:  206 | Time: 461.2s | Train Loss: 8.964087e-03 | LR: 1.03e-04
[2025-06-13 14:14:03] [INFO] Epoch:  206 | Time:  11.2s | Val   Loss: 6.729636e-03 |
[2025-06-13 14:21:47] [INFO] Epoch:  207 | Time: 463.3s | Train Loss: 8.427892e-03 | LR: 1.02e-04
[2025-06-13 14:21:58] [INFO] Epoch:  207 | Time:  11.2s | Val   Loss: 6.666870e-03 |
[2025-06-13 14:21:59] [INFO] [ best ] Checkpoint saved at epoch 207
[2025-06-13 14:29:40] [INFO] Epoch:  208 | Time: 461.1s | Train Loss: 8.267104e-03 | LR: 1.01e-04
[2025-06-13 14:29:51] [INFO] Epoch:  208 | Time:  11.1s | Val   Loss: 6.515805e-03 |
[2025-06-13 14:29:52] [INFO] [ best ] Checkpoint saved at epoch 208
[2025-06-13 14:37:33] [INFO] Epoch:  209 | Time: 461.3s | Train Loss: 8.241868e-03 | LR: 1.00e-04
[2025-06-13 14:37:45] [INFO] Epoch:  209 | Time:  11.1s | Val   Loss: 6.604692e-03 |
[2025-06-13 14:45:26] [INFO] Epoch:  210 | Time: 461.6s | Train Loss: 8.119424e-03 | LR: 9.94e-05
[2025-06-13 14:45:37] [INFO] Epoch:  210 | Time:  11.2s | Val   Loss: 6.478728e-03 |
[2025-06-13 14:45:38] [INFO] [ best ] Checkpoint saved at epoch 210
[2025-06-13 14:53:20] [INFO] Epoch:  211 | Time: 461.7s | Train Loss: 8.091889e-03 | LR: 9.86e-05
[2025-06-13 14:53:31] [INFO] Epoch:  211 | Time:  10.9s | Val   Loss: 6.290331e-03 |
[2025-06-13 14:53:32] [INFO] [ best ] Checkpoint saved at epoch 211
[2025-06-13 15:01:16] [INFO] Epoch:  212 | Time: 463.5s | Train Loss: 8.023313e-03 | LR: 9.77e-05
[2025-06-13 15:01:27] [INFO] Epoch:  212 | Time:  11.2s | Val   Loss: 6.425002e-03 |
[2025-06-13 15:09:08] [INFO] Epoch:  213 | Time: 461.1s | Train Loss: 7.966906e-03 | LR: 9.69e-05
[2025-06-13 15:09:20] [INFO] Epoch:  213 | Time:  11.2s | Val   Loss: 6.318006e-03 |
[2025-06-13 15:17:02] [INFO] Epoch:  214 | Time: 462.5s | Train Loss: 7.951221e-03 | LR: 9.60e-05
[2025-06-13 15:17:13] [INFO] Epoch:  214 | Time:  11.0s | Val   Loss: 6.418566e-03 |
[2025-06-13 15:24:56] [INFO] Epoch:  215 | Time: 463.1s | Train Loss: 7.953712e-03 | LR: 9.52e-05
[2025-06-13 15:25:07] [INFO] Epoch:  215 | Time:  10.9s | Val   Loss: 6.312096e-03 |
[2025-06-13 15:32:49] [INFO] Epoch:  216 | Time: 461.7s | Train Loss: 7.908199e-03 | LR: 9.43e-05
[2025-06-13 15:33:00] [INFO] Epoch:  216 | Time:  11.2s | Val   Loss: 6.205240e-03 |
[2025-06-13 15:33:02] [INFO] [ best ] Checkpoint saved at epoch 216
[2025-06-13 15:40:43] [INFO] Epoch:  217 | Time: 461.1s | Train Loss: 7.830254e-03 | LR: 9.35e-05
[2025-06-13 15:40:54] [INFO] Epoch:  217 | Time:  11.1s | Val   Loss: 6.288159e-03 |
[2025-06-13 15:48:35] [INFO] Epoch:  218 | Time: 461.3s | Train Loss: 7.730483e-03 | LR: 9.26e-05
[2025-06-13 15:48:46] [INFO] Epoch:  218 | Time:  10.9s | Val   Loss: 6.196942e-03 |
[2025-06-13 15:48:47] [INFO] [ best ] Checkpoint saved at epoch 218
[2025-06-13 15:56:29] [INFO] Epoch:  219 | Time: 461.6s | Train Loss: 7.668316e-03 | LR: 9.18e-05
[2025-06-13 15:56:40] [INFO] Epoch:  219 | Time:  10.8s | Val   Loss: 6.316739e-03 |
[2025-06-13 16:04:21] [INFO] Epoch:  220 | Time: 461.3s | Train Loss: 7.650231e-03 | LR: 9.10e-05
[2025-06-13 16:04:33] [INFO] Epoch:  220 | Time:  11.2s | Val   Loss: 6.329981e-03 |
[2025-06-13 16:12:16] [INFO] Epoch:  221 | Time: 463.7s | Train Loss: 7.609901e-03 | LR: 9.01e-05
[2025-06-13 16:12:27] [INFO] Epoch:  221 | Time:  11.0s | Val   Loss: 6.053788e-03 |
[2025-06-13 16:12:29] [INFO] [ best ] Checkpoint saved at epoch 221
[2025-06-13 16:20:11] [INFO] Epoch:  222 | Time: 462.0s | Train Loss: 7.585257e-03 | LR: 8.93e-05
[2025-06-13 16:20:22] [INFO] Epoch:  222 | Time:  11.0s | Val   Loss: 6.141778e-03 |
[2025-06-13 16:28:04] [INFO] Epoch:  223 | Time: 462.7s | Train Loss: 7.565133e-03 | LR: 8.85e-05
[2025-06-13 16:28:16] [INFO] Epoch:  223 | Time:  11.2s | Val   Loss: 6.046315e-03 |
[2025-06-13 16:28:17] [INFO] [ best ] Checkpoint saved at epoch 223
[2025-06-13 16:35:59] [INFO] Epoch:  224 | Time: 462.1s | Train Loss: 7.491927e-03 | LR: 8.76e-05
[2025-06-13 16:36:10] [INFO] Epoch:  224 | Time:  11.1s | Val   Loss: 5.972268e-03 |
[2025-06-13 16:36:11] [INFO] [ best ] Checkpoint saved at epoch 224
[2025-06-13 16:43:52] [INFO] Epoch:  225 | Time: 461.0s | Train Loss: 7.440026e-03 | LR: 8.68e-05
[2025-06-13 16:44:03] [INFO] Epoch:  225 | Time:  10.9s | Val   Loss: 5.903721e-03 |
[2025-06-13 16:44:05] [INFO] [ best ] Checkpoint saved at epoch 225
[2025-06-13 16:51:46] [INFO] Epoch:  226 | Time: 461.3s | Train Loss: 7.469084e-03 | LR: 8.60e-05
[2025-06-13 16:51:57] [INFO] Epoch:  226 | Time:  11.1s | Val   Loss: 5.997417e-03 |
[2025-06-13 16:59:39] [INFO] Epoch:  227 | Time: 461.8s | Train Loss: 7.407868e-03 | LR: 8.52e-05
[2025-06-13 16:59:50] [INFO] Epoch:  227 | Time:  11.1s | Val   Loss: 5.975416e-03 |
[2025-06-13 17:07:31] [INFO] Epoch:  228 | Time: 461.2s | Train Loss: 7.344820e-03 | LR: 8.43e-05
[2025-06-13 17:07:42] [INFO] Epoch:  228 | Time:  11.1s | Val   Loss: 5.946607e-03 |
[2025-06-13 17:15:27] [INFO] Epoch:  229 | Time: 464.8s | Train Loss: 7.614185e-03 | LR: 8.35e-05
[2025-06-13 17:15:38] [INFO] Epoch:  229 | Time:  10.8s | Val   Loss: 7.202049e-03 |
[2025-06-13 17:23:20] [INFO] Epoch:  230 | Time: 461.4s | Train Loss: 7.917823e-03 | LR: 8.27e-05
[2025-06-13 17:23:31] [INFO] Epoch:  230 | Time:  11.1s | Val   Loss: 5.905258e-03 |
[2025-06-13 17:31:12] [INFO] Epoch:  231 | Time: 461.1s | Train Loss: 7.513015e-03 | LR: 8.19e-05
[2025-06-13 17:31:24] [INFO] Epoch:  231 | Time:  11.2s | Val   Loss: 5.994308e-03 |
[2025-06-13 17:39:09] [INFO] Epoch:  232 | Time: 465.6s | Train Loss: 7.423927e-03 | LR: 8.11e-05
[2025-06-13 17:39:20] [INFO] Epoch:  232 | Time:  11.0s | Val   Loss: 5.814940e-03 |
[2025-06-13 17:39:22] [INFO] [ best ] Checkpoint saved at epoch 232
[2025-06-13 17:47:04] [INFO] Epoch:  233 | Time: 461.5s | Train Loss: 7.300415e-03 | LR: 8.03e-05
[2025-06-13 17:47:15] [INFO] Epoch:  233 | Time:  10.9s | Val   Loss: 6.027959e-03 |
[2025-06-13 17:54:55] [INFO] Epoch:  234 | Time: 460.8s | Train Loss: 7.250477e-03 | LR: 7.95e-05
[2025-06-13 17:55:07] [INFO] Epoch:  234 | Time:  11.2s | Val   Loss: 5.863596e-03 |
[2025-06-13 18:02:48] [INFO] Epoch:  235 | Time: 461.3s | Train Loss: 7.176107e-03 | LR: 7.87e-05
[2025-06-13 18:02:59] [INFO] Epoch:  235 | Time:  11.1s | Val   Loss: 5.885385e-03 |
[2025-06-13 18:10:40] [INFO] Epoch:  236 | Time: 461.2s | Train Loss: 7.194099e-03 | LR: 7.79e-05
[2025-06-13 18:10:51] [INFO] Epoch:  236 | Time:  11.2s | Val   Loss: 5.738089e-03 |
[2025-06-13 18:10:53] [INFO] [ best ] Checkpoint saved at epoch 236
[2025-06-13 18:18:37] [INFO] Epoch:  237 | Time: 464.1s | Train Loss: 7.086612e-03 | LR: 7.71e-05
[2025-06-13 18:18:48] [INFO] Epoch:  237 | Time:  11.0s | Val   Loss: 5.788381e-03 |
[2025-06-13 18:26:30] [INFO] Epoch:  238 | Time: 462.2s | Train Loss: 7.070037e-03 | LR: 7.63e-05
[2025-06-13 18:26:41] [INFO] Epoch:  238 | Time:  11.0s | Val   Loss: 5.751889e-03 |
[2025-06-13 18:34:23] [INFO] Epoch:  239 | Time: 461.7s | Train Loss: 7.039076e-03 | LR: 7.55e-05
[2025-06-13 18:34:34] [INFO] Epoch:  239 | Time:  11.1s | Val   Loss: 5.725843e-03 |
[2025-06-13 18:34:35] [INFO] [ best ] Checkpoint saved at epoch 239
[2025-06-13 18:42:18] [INFO] Epoch:  240 | Time: 462.8s | Train Loss: 7.028414e-03 | LR: 7.47e-05
[2025-06-13 18:42:29] [INFO] Epoch:  240 | Time:  11.1s | Val   Loss: 5.852751e-03 |
[2025-06-13 18:50:13] [INFO] Epoch:  241 | Time: 463.5s | Train Loss: 6.976024e-03 | LR: 7.39e-05
[2025-06-13 18:50:24] [INFO] Epoch:  241 | Time:  11.1s | Val   Loss: 5.663310e-03 |
[2025-06-13 18:50:25] [INFO] [ best ] Checkpoint saved at epoch 241
[2025-06-13 18:58:07] [INFO] Epoch:  242 | Time: 462.1s | Train Loss: 6.963515e-03 | LR: 7.32e-05
[2025-06-13 18:58:19] [INFO] Epoch:  242 | Time:  11.1s | Val   Loss: 5.740004e-03 |
[2025-06-13 19:06:00] [INFO] Epoch:  243 | Time: 461.7s | Train Loss: 6.933558e-03 | LR: 7.24e-05
[2025-06-13 19:06:11] [INFO] Epoch:  243 | Time:  11.0s | Val   Loss: 5.630833e-03 |
[2025-06-13 19:06:12] [INFO] [ best ] Checkpoint saved at epoch 243
[2025-06-13 19:13:53] [INFO] Epoch:  244 | Time: 461.2s | Train Loss: 6.871079e-03 | LR: 7.16e-05
[2025-06-13 19:14:05] [INFO] Epoch:  244 | Time:  11.2s | Val   Loss: 5.912224e-03 |
[2025-06-13 19:21:49] [INFO] Epoch:  245 | Time: 464.8s | Train Loss: 6.835466e-03 | LR: 7.08e-05
[2025-06-13 19:22:01] [INFO] Epoch:  245 | Time:  11.1s | Val   Loss: 5.731705e-03 |
[2025-06-13 19:29:42] [INFO] Epoch:  246 | Time: 461.4s | Train Loss: 6.803442e-03 | LR: 7.01e-05
[2025-06-13 19:29:53] [INFO] Epoch:  246 | Time:  11.2s | Val   Loss: 5.814177e-03 |
[2025-06-13 19:37:36] [INFO] Epoch:  247 | Time: 462.4s | Train Loss: 6.751226e-03 | LR: 6.93e-05
[2025-06-13 19:37:47] [INFO] Epoch:  247 | Time:  11.1s | Val   Loss: 5.795037e-03 |
[2025-06-13 19:45:30] [INFO] Epoch:  248 | Time: 462.9s | Train Loss: 6.733414e-03 | LR: 6.85e-05
[2025-06-13 19:45:41] [INFO] Epoch:  248 | Time:  11.1s | Val   Loss: 5.683279e-03 |
[2025-06-13 19:53:24] [INFO] Epoch:  249 | Time: 463.3s | Train Loss: 6.699412e-03 | LR: 6.78e-05
[2025-06-13 19:53:35] [INFO] Epoch:  249 | Time:  11.2s | Val   Loss: 5.795474e-03 |
[2025-06-13 20:01:18] [INFO] Epoch:  250 | Time: 462.5s | Train Loss: 6.664445e-03 | LR: 6.71e-05
[2025-06-13 20:01:29] [INFO] Epoch:  250 | Time:  11.1s | Val   Loss: 5.657915e-03 |
[2025-06-13 20:09:11] [INFO] Epoch:  251 | Time: 461.6s | Train Loss: 6.609671e-03 | LR: 6.63e-05
[2025-06-13 20:09:22] [INFO] Epoch:  251 | Time:  11.3s | Val   Loss: 5.566909e-03 |
[2025-06-13 20:09:24] [INFO] [ best ] Checkpoint saved at epoch 251
[2025-06-13 20:17:05] [INFO] Epoch:  252 | Time: 461.9s | Train Loss: 6.599711e-03 | LR: 6.56e-05
[2025-06-13 20:17:17] [INFO] Epoch:  252 | Time:  11.1s | Val   Loss: 5.629840e-03 |
[2025-06-13 20:24:59] [INFO] Epoch:  253 | Time: 462.0s | Train Loss: 6.537732e-03 | LR: 6.48e-05
[2025-06-13 20:25:12] [INFO] Epoch:  253 | Time:  12.9s | Val   Loss: 5.754577e-03 |
[2025-06-13 20:32:54] [INFO] Epoch:  254 | Time: 462.6s | Train Loss: 6.520423e-03 | LR: 6.41e-05
[2025-06-13 20:33:05] [INFO] Epoch:  254 | Time:  11.1s | Val   Loss: 5.684578e-03 |
[2025-06-13 20:40:48] [INFO] Epoch:  255 | Time: 462.5s | Train Loss: 6.497484e-03 | LR: 6.33e-05
[2025-06-13 20:40:59] [INFO] Epoch:  255 | Time:  11.1s | Val   Loss: 5.597391e-03 |
[2025-06-13 20:48:42] [INFO] Epoch:  256 | Time: 462.6s | Train Loss: 6.438549e-03 | LR: 6.26e-05
[2025-06-13 20:48:53] [INFO] Epoch:  256 | Time:  11.2s | Val   Loss: 5.625567e-03 |
[2025-06-13 20:56:36] [INFO] Epoch:  257 | Time: 462.5s | Train Loss: 6.439986e-03 | LR: 6.19e-05
[2025-06-13 20:56:47] [INFO] Epoch:  257 | Time:  10.9s | Val   Loss: 5.634939e-03 |
[2025-06-13 21:04:29] [INFO] Epoch:  258 | Time: 462.8s | Train Loss: 6.408633e-03 | LR: 6.12e-05
[2025-06-13 21:04:41] [INFO] Epoch:  258 | Time:  11.2s | Val   Loss: 5.558649e-03 |
[2025-06-13 21:04:42] [INFO] [ best ] Checkpoint saved at epoch 258
[2025-06-13 21:12:25] [INFO] Epoch:  259 | Time: 462.2s | Train Loss: 6.368467e-03 | LR: 6.04e-05
[2025-06-13 21:12:36] [INFO] Epoch:  259 | Time:  11.2s | Val   Loss: 5.553841e-03 |
[2025-06-13 21:12:37] [INFO] [ best ] Checkpoint saved at epoch 259
[2025-06-13 21:20:19] [INFO] Epoch:  260 | Time: 461.7s | Train Loss: 6.353789e-03 | LR: 5.97e-05
[2025-06-13 21:20:30] [INFO] Epoch:  260 | Time:  11.0s | Val   Loss: 5.492920e-03 |
[2025-06-13 21:20:31] [INFO] [ best ] Checkpoint saved at epoch 260
[2025-06-13 21:28:12] [INFO] Epoch:  261 | Time: 460.9s | Train Loss: 6.320560e-03 | LR: 5.90e-05
[2025-06-13 21:28:23] [INFO] Epoch:  261 | Time:  11.2s | Val   Loss: 5.545248e-03 |
[2025-06-13 21:36:06] [INFO] Epoch:  262 | Time: 463.1s | Train Loss: 6.283995e-03 | LR: 5.83e-05
[2025-06-13 21:36:17] [INFO] Epoch:  262 | Time:  11.2s | Val   Loss: 5.500493e-03 |
[2025-06-13 21:44:00] [INFO] Epoch:  263 | Time: 462.4s | Train Loss: 6.243204e-03 | LR: 5.76e-05
[2025-06-13 21:44:11] [INFO] Epoch:  263 | Time:  11.1s | Val   Loss: 5.442284e-03 |
[2025-06-13 21:44:12] [INFO] [ best ] Checkpoint saved at epoch 263
[2025-06-13 21:51:53] [INFO] Epoch:  264 | Time: 461.4s | Train Loss: 6.207842e-03 | LR: 5.69e-05
[2025-06-13 21:52:05] [INFO] Epoch:  264 | Time:  11.1s | Val   Loss: 5.433101e-03 |
[2025-06-13 21:52:05] [INFO] [ best ] Checkpoint saved at epoch 264
[2025-06-13 21:59:48] [INFO] Epoch:  265 | Time: 463.1s | Train Loss: 6.206089e-03 | LR: 5.63e-05
[2025-06-13 22:00:00] [INFO] Epoch:  265 | Time:  11.0s | Val   Loss: 5.561048e-03 |
[2025-06-13 22:07:41] [INFO] Epoch:  266 | Time: 461.5s | Train Loss: 6.169100e-03 | LR: 5.56e-05
[2025-06-13 22:07:53] [INFO] Epoch:  266 | Time:  10.9s | Val   Loss: 5.624708e-03 |
[2025-06-13 22:15:35] [INFO] Epoch:  267 | Time: 462.7s | Train Loss: 6.121480e-03 | LR: 5.49e-05
[2025-06-13 22:15:46] [INFO] Epoch:  267 | Time:  10.9s | Val   Loss: 5.598432e-03 |
[2025-06-13 22:23:28] [INFO] Epoch:  268 | Time: 461.6s | Train Loss: 6.092420e-03 | LR: 5.42e-05
[2025-06-13 22:23:39] [INFO] Epoch:  268 | Time:  11.1s | Val   Loss: 5.575161e-03 |
[2025-06-13 22:31:21] [INFO] Epoch:  269 | Time: 461.8s | Train Loss: 6.083424e-03 | LR: 5.36e-05
[2025-06-13 22:31:32] [INFO] Epoch:  269 | Time:  11.1s | Val   Loss: 5.528689e-03 |
[2025-06-13 22:39:18] [INFO] Epoch:  270 | Time: 465.6s | Train Loss: 6.069682e-03 | LR: 5.29e-05
[2025-06-13 22:39:29] [INFO] Epoch:  270 | Time:  11.1s | Val   Loss: 5.544924e-03 |
[2025-06-13 22:47:10] [INFO] Epoch:  271 | Time: 461.4s | Train Loss: 6.013103e-03 | LR: 5.22e-05
[2025-06-13 22:47:21] [INFO] Epoch:  271 | Time:  11.1s | Val   Loss: 5.499354e-03 |
[2025-06-13 22:55:04] [INFO] Epoch:  272 | Time: 462.3s | Train Loss: 6.029394e-03 | LR: 5.16e-05
[2025-06-13 22:55:15] [INFO] Epoch:  272 | Time:  10.9s | Val   Loss: 5.600940e-03 |
[2025-06-13 23:02:57] [INFO] Epoch:  273 | Time: 462.5s | Train Loss: 5.972530e-03 | LR: 5.09e-05
[2025-06-13 23:03:08] [INFO] Epoch:  273 | Time:  11.1s | Val   Loss: 5.438569e-03 |
[2025-06-13 23:10:50] [INFO] Epoch:  274 | Time: 461.9s | Train Loss: 5.962625e-03 | LR: 5.03e-05
[2025-06-13 23:11:02] [INFO] Epoch:  274 | Time:  11.1s | Val   Loss: 5.474925e-03 |
[2025-06-13 23:18:44] [INFO] Epoch:  275 | Time: 462.5s | Train Loss: 5.947724e-03 | LR: 4.97e-05
[2025-06-13 23:18:55] [INFO] Epoch:  275 | Time:  11.2s | Val   Loss: 5.538241e-03 |
[2025-06-13 23:26:36] [INFO] Epoch:  276 | Time: 461.1s | Train Loss: 5.932337e-03 | LR: 4.90e-05
[2025-06-13 23:26:47] [INFO] Epoch:  276 | Time:  11.1s | Val   Loss: 5.520989e-03 |
[2025-06-13 23:34:29] [INFO] Epoch:  277 | Time: 461.3s | Train Loss: 5.912947e-03 | LR: 4.84e-05
[2025-06-13 23:34:40] [INFO] Epoch:  277 | Time:  11.1s | Val   Loss: 5.412715e-03 |
[2025-06-13 23:34:42] [INFO] [ best ] Checkpoint saved at epoch 277
[2025-06-13 23:42:24] [INFO] Epoch:  278 | Time: 462.2s | Train Loss: 5.869793e-03 | LR: 4.78e-05
[2025-06-13 23:42:36] [INFO] Epoch:  278 | Time:  11.1s | Val   Loss: 5.477536e-03 |
[2025-06-13 23:50:17] [INFO] Epoch:  279 | Time: 461.9s | Train Loss: 5.826456e-03 | LR: 4.72e-05
[2025-06-13 23:50:29] [INFO] Epoch:  279 | Time:  11.1s | Val   Loss: 5.538050e-03 |
[2025-06-13 23:58:10] [INFO] Epoch:  280 | Time: 461.8s | Train Loss: 5.836605e-03 | LR: 4.66e-05
[2025-06-13 23:58:22] [INFO] Epoch:  280 | Time:  11.1s | Val   Loss: 5.658272e-03 |
[2025-06-14 00:06:04] [INFO] Epoch:  281 | Time: 462.6s | Train Loss: 5.816008e-03 | LR: 4.60e-05
[2025-06-14 00:06:15] [INFO] Epoch:  281 | Time:  11.1s | Val   Loss: 5.476550e-03 |
[2025-06-14 00:13:57] [INFO] Epoch:  282 | Time: 461.6s | Train Loss: 5.783357e-03 | LR: 4.54e-05
[2025-06-14 00:14:08] [INFO] Epoch:  282 | Time:  11.3s | Val   Loss: 5.549076e-03 |
[2025-06-14 00:21:50] [INFO] Epoch:  283 | Time: 461.5s | Train Loss: 5.763082e-03 | LR: 4.48e-05
[2025-06-14 00:22:01] [INFO] Epoch:  283 | Time:  11.2s | Val   Loss: 5.400547e-03 |
[2025-06-14 00:22:02] [INFO] [ best ] Checkpoint saved at epoch 283
[2025-06-14 00:29:45] [INFO] Epoch:  284 | Time: 462.7s | Train Loss: 6.030287e-03 | LR: 4.42e-05
[2025-06-14 00:29:56] [INFO] Epoch:  284 | Time:  11.0s | Val   Loss: 5.544716e-03 |
[2025-06-14 00:37:38] [INFO] Epoch:  285 | Time: 461.7s | Train Loss: 5.813958e-03 | LR: 4.36e-05
[2025-06-14 00:37:49] [INFO] Epoch:  285 | Time:  11.0s | Val   Loss: 5.501276e-03 |
[2025-06-14 00:45:32] [INFO] Epoch:  286 | Time: 462.4s | Train Loss: 5.742161e-03 | LR: 4.30e-05
[2025-06-14 00:45:45] [INFO] Epoch:  286 | Time:  12.4s | Val   Loss: 5.490301e-03 |
[2025-06-14 00:53:27] [INFO] Epoch:  287 | Time: 462.3s | Train Loss: 5.734837e-03 | LR: 4.25e-05
[2025-06-14 00:53:38] [INFO] Epoch:  287 | Time:  11.2s | Val   Loss: 5.415493e-03 |
[2025-06-14 01:01:21] [INFO] Epoch:  288 | Time: 462.4s | Train Loss: 5.671435e-03 | LR: 4.19e-05
[2025-06-14 01:01:32] [INFO] Epoch:  288 | Time:  11.0s | Val   Loss: 5.458113e-03 |
[2025-06-14 01:09:15] [INFO] Epoch:  289 | Time: 463.0s | Train Loss: 5.678716e-03 | LR: 4.13e-05
[2025-06-14 01:09:26] [INFO] Epoch:  289 | Time:  11.2s | Val   Loss: 5.409144e-03 |
[2025-06-14 01:17:08] [INFO] Epoch:  290 | Time: 461.6s | Train Loss: 5.668720e-03 | LR: 4.08e-05
[2025-06-14 01:17:19] [INFO] Epoch:  290 | Time:  11.0s | Val   Loss: 5.462668e-03 |
[2025-06-14 01:25:01] [INFO] Epoch:  291 | Time: 461.9s | Train Loss: 5.627148e-03 | LR: 4.03e-05
[2025-06-14 01:25:12] [INFO] Epoch:  291 | Time:  11.0s | Val   Loss: 5.533105e-03 |
[2025-06-14 01:32:54] [INFO] Epoch:  292 | Time: 462.4s | Train Loss: 5.620818e-03 | LR: 3.97e-05
[2025-06-14 01:33:05] [INFO] Epoch:  292 | Time:  11.1s | Val   Loss: 5.458038e-03 |
[2025-06-14 01:40:47] [INFO] Epoch:  293 | Time: 461.5s | Train Loss: 5.603422e-03 | LR: 3.92e-05
[2025-06-14 01:40:58] [INFO] Epoch:  293 | Time:  10.9s | Val   Loss: 5.447827e-03 |
[2025-06-14 01:48:40] [INFO] Epoch:  294 | Time: 461.6s | Train Loss: 5.566754e-03 | LR: 3.87e-05
[2025-06-14 01:48:51] [INFO] Epoch:  294 | Time:  11.2s | Val   Loss: 5.485076e-03 |
[2025-06-14 01:56:35] [INFO] Epoch:  295 | Time: 463.8s | Train Loss: 5.582909e-03 | LR: 3.81e-05
[2025-06-14 01:56:46] [INFO] Epoch:  295 | Time:  11.2s | Val   Loss: 5.508595e-03 |
[2025-06-14 02:04:29] [INFO] Epoch:  296 | Time: 462.4s | Train Loss: 5.544363e-03 | LR: 3.76e-05
[2025-06-14 02:04:40] [INFO] Epoch:  296 | Time:  11.1s | Val   Loss: 5.423232e-03 |
[2025-06-14 02:12:21] [INFO] Epoch:  297 | Time: 461.6s | Train Loss: 5.516418e-03 | LR: 3.71e-05
[2025-06-14 02:12:33] [INFO] Epoch:  297 | Time:  11.5s | Val   Loss: 5.376518e-03 |
[2025-06-14 02:12:35] [INFO] [ best ] Checkpoint saved at epoch 297
[2025-06-14 02:20:16] [INFO] Epoch:  298 | Time: 461.6s | Train Loss: 5.542750e-03 | LR: 3.66e-05
[2025-06-14 02:20:27] [INFO] Epoch:  298 | Time:  11.0s | Val   Loss: 5.381921e-03 |
[2025-06-14 02:28:09] [INFO] Epoch:  299 | Time: 461.8s | Train Loss: 5.518071e-03 | LR: 3.61e-05
[2025-06-14 02:28:20] [INFO] Epoch:  299 | Time:  11.0s | Val   Loss: 5.399227e-03 |
[2025-06-14 02:36:02] [INFO] Epoch:  300 | Time: 461.6s | Train Loss: 5.471171e-03 | LR: 3.57e-05
[2025-06-14 02:36:13] [INFO] Epoch:  300 | Time:  11.1s | Val   Loss: 5.397212e-03 |
[2025-06-14 02:43:55] [INFO] Epoch:  301 | Time: 461.7s | Train Loss: 5.471249e-03 | LR: 3.52e-05
[2025-06-14 02:44:06] [INFO] Epoch:  301 | Time:  11.0s | Val   Loss: 5.433706e-03 |
[2025-06-14 02:51:48] [INFO] Epoch:  302 | Time: 461.8s | Train Loss: 5.425298e-03 | LR: 3.47e-05
[2025-06-14 02:51:59] [INFO] Epoch:  302 | Time:  11.1s | Val   Loss: 5.569492e-03 |
[2025-06-14 02:59:43] [INFO] Epoch:  303 | Time: 463.8s | Train Loss: 5.424527e-03 | LR: 3.42e-05
[2025-06-14 02:59:54] [INFO] Epoch:  303 | Time:  11.0s | Val   Loss: 5.478210e-03 |
[2025-06-14 03:07:36] [INFO] Epoch:  304 | Time: 462.3s | Train Loss: 5.414195e-03 | LR: 3.38e-05
[2025-06-14 03:07:47] [INFO] Epoch:  304 | Time:  11.2s | Val   Loss: 5.571799e-03 |
[2025-06-14 03:15:29] [INFO] Epoch:  305 | Time: 461.8s | Train Loss: 5.388868e-03 | LR: 3.33e-05
[2025-06-14 03:15:40] [INFO] Epoch:  305 | Time:  11.0s | Val   Loss: 5.386915e-03 |
[2025-06-14 03:23:23] [INFO] Epoch:  306 | Time: 462.8s | Train Loss: 5.373185e-03 | LR: 3.29e-05
[2025-06-14 03:23:34] [INFO] Epoch:  306 | Time:  11.2s | Val   Loss: 5.503506e-03 |
[2025-06-14 03:31:15] [INFO] Epoch:  307 | Time: 461.6s | Train Loss: 5.375153e-03 | LR: 3.24e-05
[2025-06-14 03:31:26] [INFO] Epoch:  307 | Time:  10.8s | Val   Loss: 5.470193e-03 |
[2025-06-14 03:39:08] [INFO] Epoch:  308 | Time: 461.8s | Train Loss: 5.359284e-03 | LR: 3.20e-05
[2025-06-14 03:39:19] [INFO] Epoch:  308 | Time:  11.2s | Val   Loss: 5.461654e-03 |
[2025-06-14 03:47:01] [INFO] Epoch:  309 | Time: 461.2s | Train Loss: 5.337363e-03 | LR: 3.16e-05
[2025-06-14 03:47:12] [INFO] Epoch:  309 | Time:  11.1s | Val   Loss: 5.341603e-03 |
[2025-06-14 03:47:13] [INFO] [ best ] Checkpoint saved at epoch 309
[2025-06-14 03:54:55] [INFO] Epoch:  310 | Time: 461.4s | Train Loss: 5.355030e-03 | LR: 3.12e-05
[2025-06-14 03:55:06] [INFO] Epoch:  310 | Time:  11.1s | Val   Loss: 5.455369e-03 |
[2025-06-14 04:02:51] [INFO] Epoch:  311 | Time: 465.5s | Train Loss: 5.313567e-03 | LR: 3.08e-05
[2025-06-14 04:03:02] [INFO] Epoch:  311 | Time:  11.1s | Val   Loss: 5.451362e-03 |
[2025-06-14 04:10:45] [INFO] Epoch:  312 | Time: 462.0s | Train Loss: 5.296219e-03 | LR: 3.04e-05
[2025-06-14 04:10:56] [INFO] Epoch:  312 | Time:  10.9s | Val   Loss: 5.382407e-03 |
[2025-06-14 04:18:37] [INFO] Epoch:  313 | Time: 461.8s | Train Loss: 5.277852e-03 | LR: 3.00e-05
[2025-06-14 04:18:49] [INFO] Epoch:  313 | Time:  11.1s | Val   Loss: 5.459724e-03 |
[2025-06-14 04:26:31] [INFO] Epoch:  314 | Time: 462.7s | Train Loss: 5.271658e-03 | LR: 2.96e-05
[2025-06-14 04:26:42] [INFO] Epoch:  314 | Time:  10.9s | Val   Loss: 5.489665e-03 |
[2025-06-14 04:34:24] [INFO] Epoch:  315 | Time: 461.4s | Train Loss: 5.272260e-03 | LR: 2.92e-05
[2025-06-14 04:34:35] [INFO] Epoch:  315 | Time:  11.1s | Val   Loss: 5.517813e-03 |
[2025-06-14 04:42:17] [INFO] Epoch:  316 | Time: 461.5s | Train Loss: 5.254707e-03 | LR: 2.88e-05
[2025-06-14 04:42:28] [INFO] Epoch:  316 | Time:  11.1s | Val   Loss: 5.361340e-03 |
[2025-06-14 04:50:09] [INFO] Epoch:  317 | Time: 461.2s | Train Loss: 5.243883e-03 | LR: 2.85e-05
[2025-06-14 04:50:20] [INFO] Epoch:  317 | Time:  10.9s | Val   Loss: 5.423124e-03 |
[2025-06-14 04:58:02] [INFO] Epoch:  318 | Time: 461.8s | Train Loss: 5.222738e-03 | LR: 2.81e-05
[2025-06-14 04:58:13] [INFO] Epoch:  318 | Time:  10.9s | Val   Loss: 5.397896e-03 |
[2025-06-14 05:05:56] [INFO] Epoch:  319 | Time: 463.1s | Train Loss: 5.202372e-03 | LR: 2.78e-05
[2025-06-14 05:06:07] [INFO] Epoch:  319 | Time:  11.2s | Val   Loss: 5.446955e-03 |
[2025-06-14 05:13:49] [INFO] Epoch:  320 | Time: 461.4s | Train Loss: 5.183262e-03 | LR: 2.74e-05
[2025-06-14 05:14:00] [INFO] Epoch:  320 | Time:  11.1s | Val   Loss: 5.362954e-03 |
[2025-06-14 05:21:43] [INFO] Epoch:  321 | Time: 463.1s | Train Loss: 5.176071e-03 | LR: 2.71e-05
[2025-06-14 05:21:54] [INFO] Epoch:  321 | Time:  11.1s | Val   Loss: 5.350336e-03 |
[2025-06-14 05:29:38] [INFO] Epoch:  322 | Time: 463.7s | Train Loss: 5.166535e-03 | LR: 2.68e-05
[2025-06-14 05:29:49] [INFO] Epoch:  322 | Time:  11.2s | Val   Loss: 5.470510e-03 |
[2025-06-14 05:37:31] [INFO] Epoch:  323 | Time: 461.8s | Train Loss: 5.158797e-03 | LR: 2.64e-05
[2025-06-14 05:37:42] [INFO] Epoch:  323 | Time:  11.1s | Val   Loss: 5.575003e-03 |
[2025-06-14 05:45:23] [INFO] Epoch:  324 | Time: 461.3s | Train Loss: 5.142478e-03 | LR: 2.61e-05
[2025-06-14 05:45:34] [INFO] Epoch:  324 | Time:  11.2s | Val   Loss: 5.317862e-03 |
[2025-06-14 05:45:36] [INFO] [ best ] Checkpoint saved at epoch 324
[2025-06-14 05:53:17] [INFO] Epoch:  325 | Time: 461.3s | Train Loss: 5.147856e-03 | LR: 2.58e-05
[2025-06-14 05:53:28] [INFO] Epoch:  325 | Time:  11.0s | Val   Loss: 5.414975e-03 |
[2025-06-14 06:01:10] [INFO] Epoch:  326 | Time: 461.5s | Train Loss: 5.141832e-03 | LR: 2.55e-05
[2025-06-14 06:01:21] [INFO] Epoch:  326 | Time:  11.1s | Val   Loss: 5.475093e-03 |
[2025-06-14 06:09:04] [INFO] Epoch:  327 | Time: 463.2s | Train Loss: 5.129468e-03 | LR: 2.52e-05
[2025-06-14 06:09:15] [INFO] Epoch:  327 | Time:  11.1s | Val   Loss: 5.523933e-03 |
[2025-06-14 06:16:57] [INFO] Epoch:  328 | Time: 462.2s | Train Loss: 5.096473e-03 | LR: 2.49e-05
[2025-06-14 06:17:08] [INFO] Epoch:  328 | Time:  11.1s | Val   Loss: 5.469840e-03 |
[2025-06-14 06:24:50] [INFO] Epoch:  329 | Time: 461.4s | Train Loss: 5.093077e-03 | LR: 2.47e-05
[2025-06-14 06:25:01] [INFO] Epoch:  329 | Time:  11.2s | Val   Loss: 5.459351e-03 |
[2025-06-14 06:32:43] [INFO] Epoch:  330 | Time: 461.8s | Train Loss: 5.082807e-03 | LR: 2.44e-05
[2025-06-14 06:32:54] [INFO] Epoch:  330 | Time:  10.8s | Val   Loss: 5.482682e-03 |
[2025-06-14 06:40:38] [INFO] Epoch:  331 | Time: 463.9s | Train Loss: 5.068783e-03 | LR: 2.41e-05
[2025-06-14 06:40:49] [INFO] Epoch:  331 | Time:  11.0s | Val   Loss: 5.496498e-03 |
[2025-06-14 06:48:31] [INFO] Epoch:  332 | Time: 461.6s | Train Loss: 5.072707e-03 | LR: 2.39e-05
[2025-06-14 06:48:42] [INFO] Epoch:  332 | Time:  11.2s | Val   Loss: 5.436891e-03 |
[2025-06-14 06:56:24] [INFO] Epoch:  333 | Time: 462.0s | Train Loss: 5.058959e-03 | LR: 2.36e-05
[2025-06-14 06:56:35] [INFO] Epoch:  333 | Time:  11.2s | Val   Loss: 5.453239e-03 |
[2025-06-14 07:04:17] [INFO] Epoch:  334 | Time: 462.3s | Train Loss: 5.027971e-03 | LR: 2.34e-05
[2025-06-14 07:04:29] [INFO] Epoch:  334 | Time:  11.1s | Val   Loss: 5.361911e-03 |
[2025-06-14 07:12:11] [INFO] Epoch:  335 | Time: 462.8s | Train Loss: 5.021828e-03 | LR: 2.32e-05
[2025-06-14 07:12:23] [INFO] Epoch:  335 | Time:  11.2s | Val   Loss: 5.448986e-03 |
[2025-06-14 07:20:12] [INFO] Epoch:  336 | Time: 468.9s | Train Loss: 5.040294e-03 | LR: 2.30e-05
[2025-06-14 07:20:23] [INFO] Epoch:  336 | Time:  11.1s | Val   Loss: 5.353407e-03 |
[2025-06-14 07:28:06] [INFO] Epoch:  337 | Time: 462.8s | Train Loss: 5.040425e-03 | LR: 2.27e-05
[2025-06-14 07:28:17] [INFO] Epoch:  337 | Time:  10.9s | Val   Loss: 5.439478e-03 |
[2025-06-14 07:35:59] [INFO] Epoch:  338 | Time: 461.8s | Train Loss: 5.007750e-03 | LR: 2.25e-05
[2025-06-14 07:36:10] [INFO] Epoch:  338 | Time:  11.2s | Val   Loss: 5.406671e-03 |
[2025-06-14 07:43:53] [INFO] Epoch:  339 | Time: 463.1s | Train Loss: 5.001849e-03 | LR: 2.23e-05
[2025-06-14 07:44:04] [INFO] Epoch:  339 | Time:  11.0s | Val   Loss: 5.407894e-03 |
[2025-06-14 07:51:45] [INFO] Epoch:  340 | Time: 461.4s | Train Loss: 4.995646e-03 | LR: 2.22e-05
[2025-06-14 07:51:57] [INFO] Epoch:  340 | Time:  10.9s | Val   Loss: 5.481675e-03 |
[2025-06-14 07:59:39] [INFO] Epoch:  341 | Time: 462.1s | Train Loss: 4.979874e-03 | LR: 2.20e-05
[2025-06-14 07:59:50] [INFO] Epoch:  341 | Time:  11.1s | Val   Loss: 5.511066e-03 |
[2025-06-14 08:07:31] [INFO] Epoch:  342 | Time: 461.2s | Train Loss: 4.967650e-03 | LR: 2.18e-05
[2025-06-14 08:07:42] [INFO] Epoch:  342 | Time:  10.9s | Val   Loss: 5.508058e-03 |
[2025-06-14 08:15:25] [INFO] Epoch:  343 | Time: 462.5s | Train Loss: 4.948678e-03 | LR: 2.16e-05
[2025-06-14 08:15:36] [INFO] Epoch:  343 | Time:  11.0s | Val   Loss: 5.411565e-03 |
[2025-06-14 08:23:21] [INFO] Epoch:  344 | Time: 465.5s | Train Loss: 4.951342e-03 | LR: 2.15e-05
[2025-06-14 08:23:33] [INFO] Epoch:  344 | Time:  11.2s | Val   Loss: 5.533780e-03 |
[2025-06-14 08:31:14] [INFO] Epoch:  345 | Time: 461.9s | Train Loss: 4.938417e-03 | LR: 2.13e-05
[2025-06-14 08:31:25] [INFO] Epoch:  345 | Time:  11.0s | Val   Loss: 5.465345e-03 |
[2025-06-14 08:39:08] [INFO] Epoch:  346 | Time: 462.4s | Train Loss: 4.929175e-03 | LR: 2.12e-05
[2025-06-14 08:39:19] [INFO] Epoch:  346 | Time:  11.1s | Val   Loss: 5.490170e-03 |
[2025-06-14 08:47:02] [INFO] Epoch:  347 | Time: 462.9s | Train Loss: 4.931945e-03 | LR: 2.10e-05
[2025-06-14 08:47:13] [INFO] Epoch:  347 | Time:  11.0s | Val   Loss: 5.463014e-03 |
[2025-06-14 08:54:55] [INFO] Epoch:  348 | Time: 461.8s | Train Loss: 4.908084e-03 | LR: 2.09e-05
[2025-06-14 08:55:06] [INFO] Epoch:  348 | Time:  11.0s | Val   Loss: 5.412987e-03 |
[2025-06-14 09:02:48] [INFO] Epoch:  349 | Time: 461.8s | Train Loss: 4.890461e-03 | LR: 2.08e-05
[2025-06-14 09:02:59] [INFO] Epoch:  349 | Time:  11.1s | Val   Loss: 5.465091e-03 |
[2025-06-14 09:10:41] [INFO] Epoch:  350 | Time: 462.1s | Train Loss: 4.898002e-03 | LR: 2.07e-05
[2025-06-14 09:10:52] [INFO] Epoch:  350 | Time:  11.2s | Val   Loss: 5.377810e-03 |
[2025-06-14 09:18:35] [INFO] Epoch:  351 | Time: 462.7s | Train Loss: 4.875650e-03 | LR: 2.06e-05
[2025-06-14 09:18:46] [INFO] Epoch:  351 | Time:  11.2s | Val   Loss: 5.388853e-03 |
[2025-06-14 09:26:33] [INFO] Epoch:  352 | Time: 466.6s | Train Loss: 4.875904e-03 | LR: 2.05e-05
[2025-06-14 09:26:45] [INFO] Epoch:  352 | Time:  11.1s | Val   Loss: 5.493647e-03 |
[2025-06-14 09:34:26] [INFO] Epoch:  353 | Time: 461.8s | Train Loss: 4.859886e-03 | LR: 2.04e-05
[2025-06-14 09:34:37] [INFO] Epoch:  353 | Time:  10.9s | Val   Loss: 5.468199e-03 |
[2025-06-14 09:42:20] [INFO] Epoch:  354 | Time: 462.2s | Train Loss: 4.860320e-03 | LR: 2.03e-05
[2025-06-14 09:42:31] [INFO] Epoch:  354 | Time:  10.9s | Val   Loss: 5.470957e-03 |
[2025-06-14 09:50:13] [INFO] Epoch:  355 | Time: 462.2s | Train Loss: 4.844726e-03 | LR: 2.03e-05
[2025-06-14 09:50:24] [INFO] Epoch:  355 | Time:  11.0s | Val   Loss: 5.380782e-03 |
[2025-06-14 09:58:05] [INFO] Epoch:  356 | Time: 461.3s | Train Loss: 4.834413e-03 | LR: 2.02e-05
[2025-06-14 09:58:17] [INFO] Epoch:  356 | Time:  11.1s | Val   Loss: 5.412681e-03 |
[2025-06-14 10:05:58] [INFO] Epoch:  357 | Time: 461.4s | Train Loss: 4.842758e-03 | LR: 2.02e-05
[2025-06-14 10:06:09] [INFO] Epoch:  357 | Time:  11.0s | Val   Loss: 5.378761e-03 |
[2025-06-14 10:13:51] [INFO] Epoch:  358 | Time: 461.5s | Train Loss: 4.828242e-03 | LR: 2.01e-05
[2025-06-14 10:14:02] [INFO] Epoch:  358 | Time:  11.2s | Val   Loss: 5.443705e-03 |
[2025-06-14 10:21:44] [INFO] Epoch:  359 | Time: 461.9s | Train Loss: 4.817939e-03 | LR: 2.01e-05
[2025-06-14 10:21:55] [INFO] Epoch:  359 | Time:  11.1s | Val   Loss: 5.371300e-03 |
[2025-06-14 10:29:37] [INFO] Epoch:  360 | Time: 462.2s | Train Loss: 4.786318e-03 | LR: 2.00e-05
[2025-06-14 10:29:48] [INFO] Epoch:  360 | Time:  10.9s | Val   Loss: 5.417194e-03 |
[2025-06-14 10:37:32] [INFO] Epoch:  361 | Time: 463.6s | Train Loss: 4.789512e-03 | LR: 2.00e-05
[2025-06-14 10:37:43] [INFO] Epoch:  361 | Time:  11.1s | Val   Loss: 5.463990e-03 |
[2025-06-14 10:45:25] [INFO] Epoch:  362 | Time: 462.5s | Train Loss: 4.804632e-03 | LR: 2.00e-05
[2025-06-14 10:45:37] [INFO] Epoch:  362 | Time:  10.9s | Val   Loss: 5.385811e-03 |
[2025-06-14 10:53:19] [INFO] Epoch:  363 | Time: 462.8s | Train Loss: 4.795305e-03 | LR: 2.00e-05
[2025-06-14 10:53:30] [INFO] Epoch:  363 | Time:  11.1s | Val   Loss: 5.348850e-03 |
[2025-06-14 11:01:12] [INFO] Epoch:  364 | Time: 461.7s | Train Loss: 4.779157e-03 | LR: 2.00e-05
[2025-06-14 11:01:23] [INFO] Epoch:  364 | Time:  11.2s | Val   Loss: 5.400546e-03 |
[2025-06-14 11:09:05] [INFO] Epoch:  365 | Time: 461.3s | Train Loss: 4.761332e-03 | LR: 2.00e-05
[2025-06-14 11:09:16] [INFO] Epoch:  365 | Time:  10.9s | Val   Loss: 5.496155e-03 |
[2025-06-14 11:16:57] [INFO] Epoch:  366 | Time: 461.6s | Train Loss: 4.755176e-03 | LR: 2.00e-05
[2025-06-14 11:17:09] [INFO] Epoch:  366 | Time:  11.2s | Val   Loss: 5.410211e-03 |
[2025-06-14 11:24:50] [INFO] Epoch:  367 | Time: 461.7s | Train Loss: 4.744611e-03 | LR: 2.01e-05
[2025-06-14 11:25:01] [INFO] Epoch:  367 | Time:  11.1s | Val   Loss: 5.504700e-03 |
[2025-06-14 11:32:43] [INFO] Epoch:  368 | Time: 461.7s | Train Loss: 4.754430e-03 | LR: 2.01e-05
[2025-06-14 11:32:54] [INFO] Epoch:  368 | Time:  11.2s | Val   Loss: 5.416832e-03 |
[2025-06-14 11:32:54] [INFO] Training completed in 48.44 hours.
[2025-06-14 11:32:57] [INFO] [latest] Checkpoint saved at last
